#
# There is insufficient memory for the Java Runtime Environment to continue.
# Native memory allocation (malloc) failed to allocate 330976 bytes for Chunk::new
# Possible reasons:
#   The system is out of physical RAM or swap space
#   The process is running with CompressedOops enabled, and the Java Heap may be blocking the growth of the native heap
# Possible solutions:
#   Reduce memory load on the system
#   Increase physical memory or swap space
#   Check if swap backing store is full
#   Decrease Java heap size (-Xmx/-Xms)
#   Decrease number of Java threads
#   Decrease Java thread stack sizes (-Xss)
#   Set larger code cache with -XX:ReservedCodeCacheSize=
#   JVM is running with Unscaled Compressed Oops mode in which the Java heap is
#     placed in the first 4GB address space. The Java Heap base address is the
#     maximum limit for the native heap growth. Please use -XX:HeapBaseMinAddress
#     to set the Java Heap base and to place the Java Heap above 4GB virtual address.
# This output file may be truncated or incomplete.
#
#  Out of Memory Error (allocation.cpp:389), pid=28416, tid=0x000000000000446c
#
# JRE version: OpenJDK Runtime Environment (8.0_202-b03) (build 1.8.0_202-release-1483-b03)
# Java VM: OpenJDK 64-Bit Server VM (25.202-b03 mixed mode windows-amd64 compressed oops)
# Failed to write core dump. Minidumps are not enabled by default on client versions of Windows
#

---------------  T H R E A D  ---------------

Current thread (0x00000000146b3800):  JavaThread "C2 CompilerThread1" daemon [_thread_in_native, id=17516, stack(0x0000000015e00000,0x0000000015f00000)]

Stack: [0x0000000015e00000,0x0000000015f00000]
[error occurred during error reporting (printing stack bounds), id 0xc0000005]

Native frames: (J=compiled Java code, j=interpreted, Vv=VM code, C=native code)


Current CompileTask:
C2: 153381 6737       4       com.sun.crypto.provider.GaloisCounterMode::decryptFinal (279 bytes)


---------------  P R O C E S S  ---------------

Java Threads: ( => current thread )
  0x000000001b183800 JavaThread "Build operations Thread 4" [_thread_in_native, id=23196, stack(0x000000001e970000,0x000000001ea70000)]
  0x000000001b182800 JavaThread "Build operations Thread 3" [_thread_in_native, id=18204, stack(0x000000001e870000,0x000000001e970000)]
  0x000000001b186800 JavaThread "Build operations Thread 2" [_thread_blocked, id=20240, stack(0x000000001e770000,0x000000001e870000)]
  0x000000001b182000 JavaThread "Build operations" [_thread_in_native, id=23036, stack(0x000000001dc40000,0x000000001dd40000)]
  0x00000000183f5800 JavaThread "Cache worker for execution history cache (C:\Gradle\gradle-6.1\bin\caches\6.1.1\executionHistory)" [_thread_blocked, id=15580, stack(0x000000001bff0000,0x000000001c0f0000)]
  0x00000000183f6000 JavaThread "Cache worker for cache directory md-rule (C:\Gradle\gradle-6.1\bin\caches\6.1.1\md-rule)" [_thread_blocked, id=2740, stack(0x000000001bef0000,0x000000001bff0000)]
  0x00000000183f9000 JavaThread "Cache worker for cache directory md-supplier (C:\Gradle\gradle-6.1\bin\caches\6.1.1\md-supplier)" [_thread_blocked, id=23296, stack(0x000000001bdf0000,0x000000001bef0000)]
  0x00000000183f7800 JavaThread "Cache worker for file hash cache (C:\Users\User\Documents\2021-UltimateGoal\.gradle\6.1.1\fileHashes)" [_thread_blocked, id=24644, stack(0x000000001b8f0000,0x000000001b9f0000)]
  0x00000000183f7000 JavaThread "Cache worker for checksums cache (C:\Users\User\Documents\2021-UltimateGoal\.gradle\checksums)" [_thread_blocked, id=28204, stack(0x000000001b7f0000,0x000000001b8f0000)]
  0x00000000183f3000 JavaThread "Cache worker for file hash cache (C:\Gradle\gradle-6.1\bin\caches\6.1.1\fileHashes)" [_thread_blocked, id=13588, stack(0x000000001a420000,0x000000001a520000)]
  0x00000000183f8800 JavaThread "File lock request listener" [_thread_in_native, id=9648, stack(0x000000001a320000,0x000000001a420000)]
  0x00000000184cb800 JavaThread "Cache worker for journal cache (C:\Gradle\gradle-6.1\bin\caches\journal-1)" [_thread_blocked, id=11100, stack(0x000000001a220000,0x000000001a320000)]
  0x0000000018228800 JavaThread "Thread-9" [_thread_blocked, id=11400, stack(0x0000000019f20000,0x000000001a020000)]
  0x00000000182e2800 JavaThread "Asynchronous log dispatcher for DefaultDaemonConnection: socket connection from /127.0.0.1:57017 to /127.0.0.1:57018" [_thread_blocked, id=15608, stack(0x0000000019d20000,0x0000000019e20000)]
  0x000000001823a000 JavaThread "Daemon worker" [_thread_in_native, id=20664, stack(0x0000000019c20000,0x0000000019d20000)]
  0x000000001823e000 JavaThread "Cancel handler" [_thread_blocked, id=11644, stack(0x0000000019b20000,0x0000000019c20000)]
  0x000000001826a000 JavaThread "Handler for socket connection from /127.0.0.1:57017 to /127.0.0.1:57018" [_thread_in_native, id=12628, stack(0x0000000019820000,0x0000000019920000)]
  0x000000001821f800 JavaThread "Daemon" [_thread_blocked, id=20020, stack(0x0000000019720000,0x0000000019820000)]
  0x0000000018187800 JavaThread "Daemon periodic checks" [_thread_blocked, id=26144, stack(0x0000000019620000,0x0000000019720000)]
  0x0000000018257800 JavaThread "Incoming local TCP Connector on port 57017" [_thread_in_native, id=29532, stack(0x00000000193e0000,0x00000000194e0000)]
  0x00000000180eb800 JavaThread "Daemon health stats" [_thread_blocked, id=23200, stack(0x0000000018da0000,0x0000000018ea0000)]
  0x0000000016018800 JavaThread "Service Thread" daemon [_thread_blocked, id=24544, stack(0x0000000016400000,0x0000000016500000)]
  0x00000000146bc000 JavaThread "C1 CompilerThread2" daemon [_thread_blocked, id=29000, stack(0x0000000015f00000,0x0000000016000000)]
=>0x00000000146b3800 JavaThread "C2 CompilerThread1" daemon [_thread_in_native, id=17516, stack(0x0000000015e00000,0x0000000015f00000)]
  0x00000000146ac000 JavaThread "C2 CompilerThread0" daemon [_thread_blocked, id=23128, stack(0x0000000015d00000,0x0000000015e00000)]
  0x00000000146b9000 JavaThread "Attach Listener" daemon [_thread_blocked, id=28496, stack(0x0000000015c00000,0x0000000015d00000)]
  0x00000000146b6000 JavaThread "Signal Dispatcher" daemon [_thread_blocked, id=18928, stack(0x0000000015b00000,0x0000000015c00000)]
  0x000000000333b000 JavaThread "Finalizer" daemon [_thread_blocked, id=13052, stack(0x0000000015900000,0x0000000015a00000)]
  0x0000000014699000 JavaThread "Reference Handler" daemon [_thread_blocked, id=24012, stack(0x0000000015800000,0x0000000015900000)]
  0x000000000185e000 JavaThread "main" [_thread_blocked, id=10752, stack(0x0000000003140000,0x0000000003240000)]

Other Threads:
  0x0000000014676000 VMThread [stack: 0x0000000015700000,0x0000000015800000] [id=30428]
  0x000000001470e000 WatcherThread [stack: 0x0000000016500000,0x0000000016600000] [id=22056]

VM state:not at safepoint (normal execution)

VM Mutex/Monitor currently owned by a thread: None

heap address: 0x00000000e0000000, size: 512 MB, Compressed Oops mode: 32-bit
Narrow klass base: 0x0000000000000000, Narrow klass shift: 3
Compressed class space size: 1073741824 Address: 0x0000000100000000

Heap:
 PSYoungGen      total 157696K, used 69579K [0x00000000f5580000, 0x0000000100000000, 0x0000000100000000)
  eden space 141824K, 40% used [0x00000000f5580000,0x00000000f8e10850,0x00000000fe000000)
  from space 15872K, 73% used [0x00000000ff000000,0x00000000ffb62780,0x00000000fff80000)
  to   space 16384K, 0% used [0x00000000fe000000,0x00000000fe000000,0x00000000ff000000)
 ParOldGen       total 175104K, used 14172K [0x00000000e0000000, 0x00000000eab00000, 0x00000000f5580000)
  object space 175104K, 8% used [0x00000000e0000000,0x00000000e0dd72b0,0x00000000eab00000)
 Metaspace       used 46479K, capacity 48056K, committed 48304K, reserved 1091584K
  class space    used 5989K, capacity 6304K, committed 6320K, reserved 1048576K

Card table byte_map: [0x0000000012700000,0x0000000012810000] byte_map_base: 0x0000000012000000

Marking Bits: (ParMarkBitMap*) 0x0000000067629f30
 Begin Bits: [0x0000000012c10000, 0x0000000013410000)
 End Bits:   [0x0000000013410000, 0x0000000013c10000)

Polling page: 0x0000000000ff0000

CodeCache: size=245760Kb used=19722Kb max_used=20051Kb free=226037Kb
 bounds [0x0000000003340000, 0x0000000004710000, 0x0000000012340000]
 total_blobs=6535 nmethods=5752 adapters=696
 compilation: enabled

Compilation events (10 events):
Event: 143.729 Thread 0x00000000146bc000 nmethod 6732 0x0000000003aeea10 code [0x0000000003aeeba0, 0x0000000003aeeed8]
Event: 143.729 Thread 0x00000000146bc000 6733       3       java.util.HashMap$Values::size (8 bytes)
Event: 143.730 Thread 0x00000000146bc000 nmethod 6733 0x0000000003b9f090 code [0x0000000003b9f1e0, 0x0000000003b9f330]
Event: 147.522 Thread 0x00000000146bc000 6734       3       java.util.concurrent.atomic.AtomicMarkableReference::getReference (8 bytes)
Event: 147.522 Thread 0x00000000146bc000 nmethod 6734 0x00000000041799d0 code [0x0000000004179b20, 0x0000000004179c70]
Event: 148.115 Thread 0x00000000146b3800 6735       4       java.util.concurrent.locks.ReentrantLock$Sync::isHeldExclusively (16 bytes)
Event: 148.116 Thread 0x00000000146b3800 nmethod 6735 0x00000000036fb9d0 code [0x00000000036fbb00, 0x00000000036fbb78]
Event: 148.197 Thread 0x00000000146ac000 6736       4       com.sun.crypto.provider.GaloisCounterMode::increment32 (49 bytes)
Event: 148.199 Thread 0x00000000146ac000 nmethod 6736 0x00000000041e74d0 code [0x00000000041e7620, 0x00000000041e7718]
Event: 153.296 Thread 0x00000000146b3800 6737       4       com.sun.crypto.provider.GaloisCounterMode::decryptFinal (279 bytes)

GC Heap History (10 events):
Event: 15.424 GC heap before
{Heap before GC invocations=6 (full 1):
 PSYoungGen      total 163840K, used 43006K [0x00000000f5580000, 0x0000000100000000, 0x0000000100000000)
  eden space 153088K, 21% used [0x00000000f5580000,0x00000000f7503ef8,0x00000000feb00000)
  from space 10752K, 99% used [0x00000000ff580000,0x00000000ffffbb80,0x0000000100000000)
  to   space 10752K, 0% used [0x00000000feb00000,0x00000000feb00000,0x00000000ff580000)
 ParOldGen       total 175104K, used 15302K [0x00000000e0000000, 0x00000000eab00000, 0x00000000f5580000)
  object space 175104K, 8% used [0x00000000e0000000,0x00000000e0ef1938,0x00000000eab00000)
 Metaspace       used 34567K, capacity 35454K, committed 35496K, reserved 1079296K
  class space    used 4594K, capacity 4871K, committed 4912K, reserved 1048576K
Event: 15.430 GC heap after
Heap after GC invocations=6 (full 1):
 PSYoungGen      total 159232K, used 5995K [0x00000000f5580000, 0x0000000100000000, 0x0000000100000000)
  eden space 153088K, 0% used [0x00000000f5580000,0x00000000f5580000,0x00000000feb00000)
  from space 6144K, 97% used [0x00000000feb00000,0x00000000ff0daed0,0x00000000ff100000)
  to   space 15360K, 0% used [0x00000000ff100000,0x00000000ff100000,0x0000000100000000)
 ParOldGen       total 175104K, used 15310K [0x00000000e0000000, 0x00000000eab00000, 0x00000000f5580000)
  object space 175104K, 8% used [0x00000000e0000000,0x00000000e0ef3938,0x00000000eab00000)
 Metaspace       used 34567K, capacity 35454K, committed 35496K, reserved 1079296K
  class space    used 4594K, capacity 4871K, committed 4912K, reserved 1048576K
}
Event: 15.431 GC heap before
{Heap before GC invocations=7 (full 2):
 PSYoungGen      total 159232K, used 5995K [0x00000000f5580000, 0x0000000100000000, 0x0000000100000000)
  eden space 153088K, 0% used [0x00000000f5580000,0x00000000f5580000,0x00000000feb00000)
  from space 6144K, 97% used [0x00000000feb00000,0x00000000ff0daed0,0x00000000ff100000)
  to   space 15360K, 0% used [0x00000000ff100000,0x00000000ff100000,0x0000000100000000)
 ParOldGen       total 175104K, used 15310K [0x00000000e0000000, 0x00000000eab00000, 0x00000000f5580000)
  object space 175104K, 8% used [0x00000000e0000000,0x00000000e0ef3938,0x00000000eab00000)
 Metaspace       used 34567K, capacity 35454K, committed 35496K, reserved 1079296K
  class space    used 4594K, capacity 4871K, committed 4912K, reserved 1048576K
Event: 15.477 GC heap after
Heap after GC invocations=7 (full 2):
 PSYoungGen      total 159232K, used 0K [0x00000000f5580000, 0x0000000100000000, 0x0000000100000000)
  eden space 153088K, 0% used [0x00000000f5580000,0x00000000f5580000,0x00000000feb00000)
  from space 6144K, 0% used [0x00000000feb00000,0x00000000feb00000,0x00000000ff100000)
  to   space 15360K, 0% used [0x00000000ff100000,0x00000000ff100000,0x0000000100000000)
 ParOldGen       total 175104K, used 14092K [0x00000000e0000000, 0x00000000eab00000, 0x00000000f5580000)
  object space 175104K, 8% used [0x00000000e0000000,0x00000000e0dc32a0,0x00000000eab00000)
 Metaspace       used 34548K, capacity 35430K, committed 35496K, reserved 1079296K
  class space    used 4587K, capacity 4863K, committed 4912K, reserved 1048576K
}
Event: 17.370 GC heap before
{Heap before GC invocations=8 (full 2):
 PSYoungGen      total 159232K, used 153088K [0x00000000f5580000, 0x0000000100000000, 0x0000000100000000)
  eden space 153088K, 100% used [0x00000000f5580000,0x00000000feb00000,0x00000000feb00000)
  from space 6144K, 0% used [0x00000000feb00000,0x00000000feb00000,0x00000000ff100000)
  to   space 15360K, 0% used [0x00000000ff100000,0x00000000ff100000,0x0000000100000000)
 ParOldGen       total 175104K, used 14092K [0x00000000e0000000, 0x00000000eab00000, 0x00000000f5580000)
  object space 175104K, 8% used [0x00000000e0000000,0x00000000e0dc32a0,0x00000000eab00000)
 Metaspace       used 35173K, capacity 36056K, committed 36272K, reserved 1081344K
  class space    used 4648K, capacity 4934K, committed 5040K, reserved 1048576K
Event: 17.376 GC heap after
Heap after GC invocations=8 (full 2):
 PSYoungGen      total 156160K, used 5835K [0x00000000f5580000, 0x0000000100000000, 0x0000000100000000)
  eden space 140800K, 0% used [0x00000000f5580000,0x00000000f5580000,0x00000000fdf00000)
  from space 15360K, 37% used [0x00000000ff100000,0x00000000ff6b2e18,0x0000000100000000)
  to   space 16896K, 0% used [0x00000000fdf00000,0x00000000fdf00000,0x00000000fef80000)
 ParOldGen       total 175104K, used 14092K [0x00000000e0000000, 0x00000000eab00000, 0x00000000f5580000)
  object space 175104K, 8% used [0x00000000e0000000,0x00000000e0dc32a0,0x00000000eab00000)
 Metaspace       used 35173K, capacity 36056K, committed 36272K, reserved 1081344K
  class space    used 4648K, capacity 4934K, committed 5040K, reserved 1048576K
}
Event: 20.943 GC heap before
{Heap before GC invocations=9 (full 2):
 PSYoungGen      total 156160K, used 146635K [0x00000000f5580000, 0x0000000100000000, 0x0000000100000000)
  eden space 140800K, 100% used [0x00000000f5580000,0x00000000fdf00000,0x00000000fdf00000)
  from space 15360K, 37% used [0x00000000ff100000,0x00000000ff6b2e18,0x0000000100000000)
  to   space 16896K, 0% used [0x00000000fdf00000,0x00000000fdf00000,0x00000000fef80000)
 ParOldGen       total 175104K, used 14092K [0x00000000e0000000, 0x00000000eab00000, 0x00000000f5580000)
  object space 175104K, 8% used [0x00000000e0000000,0x00000000e0dc32a0,0x00000000eab00000)
 Metaspace       used 40395K, capacity 41706K, committed 41904K, reserved 1085440K
  class space    used 5399K, capacity 5733K, committed 5808K, reserved 1048576K
Event: 20.951 GC heap after
Heap after GC invocations=9 (full 2):
 PSYoungGen      total 157696K, used 9682K [0x00000000f5580000, 0x00000000fff80000, 0x0000000100000000)
  eden space 140800K, 0% used [0x00000000f5580000,0x00000000f5580000,0x00000000fdf00000)
  from space 16896K, 57% used [0x00000000fdf00000,0x00000000fe874800,0x00000000fef80000)
  to   space 15872K, 0% used [0x00000000ff000000,0x00000000ff000000,0x00000000fff80000)
 ParOldGen       total 175104K, used 14092K [0x00000000e0000000, 0x00000000eab00000, 0x00000000f5580000)
  object space 175104K, 8% used [0x00000000e0000000,0x00000000e0dc32a0,0x00000000eab00000)
 Metaspace       used 40395K, capacity 41706K, committed 41904K, reserved 1085440K
  class space    used 5399K, capacity 5733K, committed 5808K, reserved 1048576K
}
Event: 85.679 GC heap before
{Heap before GC invocations=10 (full 2):
 PSYoungGen      total 157696K, used 150482K [0x00000000f5580000, 0x00000000fff80000, 0x0000000100000000)
  eden space 140800K, 100% used [0x00000000f5580000,0x00000000fdf00000,0x00000000fdf00000)
  from space 16896K, 57% used [0x00000000fdf00000,0x00000000fe874800,0x00000000fef80000)
  to   space 15872K, 0% used [0x00000000ff000000,0x00000000ff000000,0x00000000fff80000)
 ParOldGen       total 175104K, used 14092K [0x00000000e0000000, 0x00000000eab00000, 0x00000000f5580000)
  object space 175104K, 8% used [0x00000000e0000000,0x00000000e0dc32a0,0x00000000eab00000)
 Metaspace       used 46419K, capacity 47922K, committed 48048K, reserved 1091584K
  class space    used 5987K, capacity 6303K, committed 6320K, reserved 1048576K
Event: 85.691 GC heap after
Heap after GC invocations=10 (full 2):
 PSYoungGen      total 157696K, used 11657K [0x00000000f5580000, 0x0000000100000000, 0x0000000100000000)
  eden space 141824K, 0% used [0x00000000f5580000,0x00000000f5580000,0x00000000fe000000)
  from space 15872K, 73% used [0x00000000ff000000,0x00000000ffb62780,0x00000000fff80000)
  to   space 16384K, 0% used [0x00000000fe000000,0x00000000fe000000,0x00000000ff000000)
 ParOldGen       total 175104K, used 14172K [0x00000000e0000000, 0x00000000eab00000, 0x00000000f5580000)
  object space 175104K, 8% used [0x00000000e0000000,0x00000000e0dd72b0,0x00000000eab00000)
 Metaspace       used 46419K, capacity 47922K, committed 48048K, reserved 1091584K
  class space    used 5987K, capacity 6303K, committed 6320K, reserved 1048576K
}

Deoptimization events (10 events):
Event: 128.605 Thread 0x000000001b182800 Uncommon trap: reason=unstable_if action=reinterpret pc=0x00000000040227b0 method=sun.security.ssl.SSLSocketImpl.checkSequenceNumber(Lsun/security/ssl/Authenticator;B)V @ 12
Event: 129.368 Thread 0x000000001b182800 Uncommon trap: reason=unstable_if action=reinterpret pc=0x00000000046f6748 method=sun.security.ssl.InputRecord.read(Ljava/io/InputStream;Ljava/io/OutputStream;)V @ 72
Event: 129.384 Thread 0x000000001b182800 Uncommon trap: reason=unstable_if action=reinterpret pc=0x00000000038df88c method=javax.crypto.Cipher.init(ILjava/security/Key;Ljava/security/spec/AlgorithmParameterSpec;Ljava/security/SecureRandom;)V @ 13
Event: 129.384 Thread 0x000000001b182800 Uncommon trap: reason=unstable_if action=reinterpret pc=0x000000000418b85c method=java.security.MessageDigest.isEqual([B[B)Z @ 12
Event: 129.680 Thread 0x000000001b182800 Uncommon trap: reason=unstable_if action=reinterpret pc=0x00000000043d4f44 method=javax.crypto.Cipher.init(ILjava/security/Key;Ljava/security/spec/AlgorithmParameterSpec;Ljava/security/SecureRandom;)V @ 13
Event: 129.680 Thread 0x000000001b182800 Uncommon trap: reason=unstable_if action=reinterpret pc=0x00000000046b7c7c method=java.security.MessageDigest.isEqual([B[B)Z @ 12
Event: 130.321 Thread 0x000000001b182800 Uncommon trap: reason=unstable_if action=reinterpret pc=0x00000000046cf06c method=com.sun.crypto.provider.GaloisCounterMode.increment32([B)V @ 39
Event: 130.321 Thread 0x000000001b182800 Uncommon trap: reason=unstable_if action=reinterpret pc=0x00000000041ec018 method=com.sun.crypto.provider.GaloisCounterMode.increment32([B)V @ 39
Event: 130.322 Thread 0x000000001b182800 Uncommon trap: reason=unstable_if action=reinterpret pc=0x00000000041f508c method=com.sun.crypto.provider.GaloisCounterMode.increment32([B)V @ 39
Event: 130.462 Thread 0x000000001b182800 Uncommon trap: reason=unstable_if action=reinterpret pc=0x00000000041fa0b4 method=com.sun.crypto.provider.GaloisCounterMode.increment32([B)V @ 39

Classes redefined (0 events):
No events

Internal exceptions (10 events):
Event: 111.076 Thread 0x000000001b182800 Exception <a 'java/net/SocketTimeoutException': Read timed out> (0x00000000f7365518) thrown at [D:\src\AOSP-openjdk-cygwin\jdk8u\hotspot\src\share\vm\prims\jni.cpp, line 736]
Event: 114.478 Thread 0x000000001b182800 Exception <a 'java/net/SocketTimeoutException': Read timed out> (0x00000000f75e5060) thrown at [D:\src\AOSP-openjdk-cygwin\jdk8u\hotspot\src\share\vm\prims\jni.cpp, line 736]
Event: 118.683 Thread 0x000000001823a000 Exception <a 'java/net/SocketTimeoutException': Read timed out> (0x00000000f716e7d0) thrown at [D:\src\AOSP-openjdk-cygwin\jdk8u\hotspot\src\share\vm\prims\jni.cpp, line 736]
Event: 119.985 Thread 0x000000001b182800 Exception <a 'java/net/SocketTimeoutException': Read timed out> (0x00000000f7943a10) thrown at [D:\src\AOSP-openjdk-cygwin\jdk8u\hotspot\src\share\vm\prims\jni.cpp, line 736]
Event: 122.801 Thread 0x000000001b182800 Exception <a 'java/net/SocketTimeoutException': Read timed out> (0x00000000f7d4f8d8) thrown at [D:\src\AOSP-openjdk-cygwin\jdk8u\hotspot\src\share\vm\prims\jni.cpp, line 736]
Event: 129.384 Thread 0x000000001b182800 Implicit null exception at 0x00000000038df731 to 0x00000000038df86a
Event: 129.384 Thread 0x000000001b182800 Implicit null exception at 0x000000000418a233 to 0x000000000418b825
Event: 129.680 Thread 0x000000001b182800 Implicit null exception at 0x00000000043d1dc0 to 0x00000000043d4ef5
Event: 129.680 Thread 0x000000001b182800 Implicit null exception at 0x00000000046b7af9 to 0x00000000046b7c69
Event: 147.522 Thread 0x000000001b182800 Exception <a 'java/net/SocketTimeoutException': Read timed out> (0x00000000f8ae07e0) thrown at [D:\src\AOSP-openjdk-cygwin\jdk8u\hotspot\src\share\vm\prims\jni.cpp, line 736]

Events (10 events):
Event: 133.730 Thread 0x00000000146bc000 flushing nmethod 0x0000000004245110
Event: 133.730 Thread 0x00000000146bc000 flushing nmethod 0x000000000424fe90
Event: 133.730 Thread 0x00000000146bc000 flushing nmethod 0x0000000004267f90
Event: 133.730 Thread 0x00000000146bc000 flushing nmethod 0x000000000428d010
Event: 135.243 Thread 0x00000000146b3800 flushing nmethod 0x000000000444db90
Event: 135.243 Thread 0x00000000146b3800 flushing nmethod 0x0000000004566850
Event: 135.243 Thread 0x00000000146b3800 flushing nmethod 0x0000000004590dd0
Event: 135.243 Thread 0x00000000146b3800 flushing nmethod 0x00000000045923d0
Event: 136.032 Thread 0x00000000146ac000 flushing nmethod 0x00000000045d2bd0
Event: 136.032 Thread 0x00000000146ac000 flushing nmethod 0x00000000045de590


Dynamic libraries:
0x00007ff7112b0000 - 0x00007ff7112e1000 	C:\Program Files\Android\Android Studio\jre\bin\java.exe
0x00007ff8e7a00000 - 0x00007ff8e7bf0000 	C:\WINDOWS\SYSTEM32\ntdll.dll
0x00007ff8e6770000 - 0x00007ff8e6822000 	C:\WINDOWS\System32\KERNEL32.DLL
0x00007ff8e52a0000 - 0x00007ff8e5544000 	C:\WINDOWS\System32\KERNELBASE.dll
0x00007ff8e7770000 - 0x00007ff8e7813000 	C:\WINDOWS\System32\ADVAPI32.dll
0x00007ff8e6620000 - 0x00007ff8e66be000 	C:\WINDOWS\System32\msvcrt.dll
0x00007ff8e7420000 - 0x00007ff8e74b7000 	C:\WINDOWS\System32\sechost.dll
0x00007ff8e78a0000 - 0x00007ff8e79c0000 	C:\WINDOWS\System32\RPCRT4.dll
0x00007ff8e6900000 - 0x00007ff8e6a95000 	C:\WINDOWS\System32\USER32.dll
0x00007ff8e5170000 - 0x00007ff8e5191000 	C:\WINDOWS\System32\win32u.dll
0x00007ff8e73f0000 - 0x00007ff8e7416000 	C:\WINDOWS\System32\GDI32.dll
0x00007ff8e5970000 - 0x00007ff8e5b06000 	C:\WINDOWS\System32\gdi32full.dll
0x00007ff8e51a0000 - 0x00007ff8e523e000 	C:\WINDOWS\System32\msvcp_win.dll
0x00007ff8e5550000 - 0x00007ff8e564a000 	C:\WINDOWS\System32\ucrtbase.dll
0x00007ff8e3d10000 - 0x00007ff8e3f94000 	C:\WINDOWS\WinSxS\amd64_microsoft.windows.common-controls_6595b64144ccf1df_6.0.18362.1016_none_9e7a36bbe461dae4\COMCTL32.dll
0x00007ff8e5e00000 - 0x00007ff8e6135000 	C:\WINDOWS\System32\combase.dll
0x00007ff8e5650000 - 0x00007ff8e56d0000 	C:\WINDOWS\System32\bcryptPrimitives.dll
0x00007ff8e7520000 - 0x00007ff8e754e000 	C:\WINDOWS\System32\IMM32.DLL
0x0000000069000000 - 0x00000000690d2000 	C:\Program Files\Android\Android Studio\jre\jre\bin\msvcr100.dll
0x0000000066e60000 - 0x00000000676a6000 	C:\Program Files\Android\Android Studio\jre\jre\bin\server\jvm.dll
0x00007ff8e71b0000 - 0x00007ff8e71b8000 	C:\WINDOWS\System32\PSAPI.DLL
0x00007ff8e1400000 - 0x00007ff8e1424000 	C:\WINDOWS\SYSTEM32\WINMM.dll
0x00007ff8df550000 - 0x00007ff8df55a000 	C:\WINDOWS\SYSTEM32\VERSION.dll
0x00007ff8e2d90000 - 0x00007ff8e2d99000 	C:\WINDOWS\SYSTEM32\WSOCK32.dll
0x00007ff8e65b0000 - 0x00007ff8e661f000 	C:\WINDOWS\System32\WS2_32.dll
0x00007ff8e0e10000 - 0x00007ff8e0e3d000 	C:\WINDOWS\SYSTEM32\WINMMBASE.dll
0x00007ff8e5700000 - 0x00007ff8e574a000 	C:\WINDOWS\System32\cfgmgr32.dll
0x00007ff8e0630000 - 0x00007ff8e063f000 	C:\Program Files\Android\Android Studio\jre\jre\bin\verify.dll
0x00007ff8da2e0000 - 0x00007ff8da309000 	C:\Program Files\Android\Android Studio\jre\jre\bin\java.dll
0x00007ff8da2c0000 - 0x00007ff8da2d6000 	C:\Program Files\Android\Android Studio\jre\jre\bin\zip.dll
0x00007ff8e6aa0000 - 0x00007ff8e7187000 	C:\WINDOWS\System32\SHELL32.dll
0x00007ff8e71d0000 - 0x00007ff8e7279000 	C:\WINDOWS\System32\shcore.dll
0x00007ff8e49e0000 - 0x00007ff8e5162000 	C:\WINDOWS\System32\windows.storage.dll
0x00007ff8e49b0000 - 0x00007ff8e49d3000 	C:\WINDOWS\System32\profapi.dll
0x00007ff8e4960000 - 0x00007ff8e49aa000 	C:\WINDOWS\System32\powrprof.dll
0x00007ff8e4910000 - 0x00007ff8e4920000 	C:\WINDOWS\System32\UMPDC.dll
0x00007ff8e5b10000 - 0x00007ff8e5b62000 	C:\WINDOWS\System32\shlwapi.dll
0x00007ff8e4920000 - 0x00007ff8e4931000 	C:\WINDOWS\System32\kernel.appcore.dll
0x00007ff8e5750000 - 0x00007ff8e5767000 	C:\WINDOWS\System32\cryptsp.dll
0x00007ff8da1a0000 - 0x00007ff8da1ba000 	C:\Program Files\Android\Android Studio\jre\jre\bin\net.dll
0x00007ff8e3a90000 - 0x00007ff8e3af7000 	C:\WINDOWS\system32\mswsock.dll
0x00007ff8da180000 - 0x00007ff8da191000 	C:\Program Files\Android\Android Studio\jre\jre\bin\nio.dll
0x00007ff8dfb40000 - 0x00007ff8dfb66000 	C:\Gradle\gradle-6.1\bin\native\31\windows-amd64\native-platform.dll
0x00007ff8dd920000 - 0x00007ff8dd92d000 	C:\Program Files\Android\Android Studio\jre\jre\bin\management.dll
0x00007ff8e3600000 - 0x00007ff8e3633000 	C:\WINDOWS\system32\rsaenh.dll
0x00007ff8e56d0000 - 0x00007ff8e56f6000 	C:\WINDOWS\System32\bcrypt.dll
0x00007ff8e4800000 - 0x00007ff8e4825000 	C:\WINDOWS\SYSTEM32\USERENV.dll
0x00007ff8e3c80000 - 0x00007ff8e3c8c000 	C:\WINDOWS\SYSTEM32\CRYPTBASE.dll
0x00007ff8e37a0000 - 0x00007ff8e37da000 	C:\WINDOWS\SYSTEM32\IPHLPAPI.DLL
0x00007ff8e71c0000 - 0x00007ff8e71c8000 	C:\WINDOWS\System32\NSI.dll
0x00007ff8dd330000 - 0x00007ff8dd346000 	C:\WINDOWS\SYSTEM32\dhcpcsvc6.DLL
0x00007ff8dd130000 - 0x00007ff8dd14c000 	C:\WINDOWS\SYSTEM32\dhcpcsvc.DLL
0x00007ff8e37e0000 - 0x00007ff8e38ab000 	C:\WINDOWS\SYSTEM32\DNSAPI.dll
0x00007ff8cb7a0000 - 0x00007ff8cb7c4000 	C:\Program Files\Android\Android Studio\jre\jre\bin\sunec.dll
0x00007ff8dc0a0000 - 0x00007ff8dc0aa000 	C:\Windows\System32\rasadhlp.dll
0x00007ff8dc510000 - 0x00007ff8dc587000 	C:\WINDOWS\System32\fwpuclnt.dll
0x00007ff8dfb30000 - 0x00007ff8dfb3b000 	C:\Program Files\Android\Android Studio\jre\jre\bin\sunmscapi.dll
0x00007ff8e5770000 - 0x00007ff8e58b9000 	C:\WINDOWS\System32\CRYPT32.dll
0x00007ff8e4940000 - 0x00007ff8e4952000 	C:\WINDOWS\System32\MSASN1.dll

VM Arguments:
jvm_args: -XX:MaxMetaspaceSize=256m -XX:+HeapDumpOnOutOfMemoryError -Xms256m -Xmx512m -Dfile.encoding=windows-1252 -Duser.country=ZA -Duser.language=en -Duser.variant 
java_command: org.gradle.launcher.daemon.bootstrap.GradleDaemon 6.1.1
java_class_path (initial): C:\Gradle\gradle-6.1\bin\wrapper\dists\gradle-6.1.1-all\cfmwm155h49vnt3hynmlrsdst\gradle-6.1.1\lib\gradle-launcher-6.1.1.jar
Launcher Type: SUN_STANDARD

Environment Variables:
JAVA_HOME=C:\Program Files\Amazon Corretto\jdk11.0.6_10
PATH=C:\Program Files\Amazon Corretto\jdk11.0.6_10\bin;C:\ProgramData\Oracle\Java\javapath;C:\Program Files (x86)\Embarcadero\Studio\20.0\bin;C:\Users\Public\Documents\Embarcadero\Studio\20.0\Bpl;C:\Program Files (x86)\Embarcadero\Studio\20.0\bin64;C:\Users\Public\Documents\Embarcadero\Studio\20.0\Bpl\Win64;C:\Program Files (x86)\Intel\iCLS Client\;C:\Program Files\Intel\iCLS Client\;C:\WINDOWS\system32;C:\WINDOWS;C:\WINDOWS\System32\Wbem;C:\WINDOWS\System32\WindowsPowerShell\v1.0\;C:\Program Files (x86)\Intel\Intel(R) Management Engine Components\DAL;C:\Program Files\Intel\Intel(R) Management Engine Components\DAL;C:\Program Files (x86)\Intel\Intel(R) Management Engine Components\IPT;C:\Program Files\Intel\Intel(R) Management Engine Components\IPT;C:\Gradle\gradle-6.1\bin;C:\Program Files\Git\cmd;C:\Program Files\Git\bin;C:\WINDOWS\System32\OpenSSH\;C:\Program Files\SourceGear\Common\DiffMerge\;C:\Users\User\AppData\Local\Microsoft\WindowsApps;C:\Users\User\AppData\Local\GitHubDesktop\bin;%USERPROFILE%\AppData\Local\Microsoft\WindowsApps;
USERNAME=User
OS=Windows_NT
PROCESSOR_IDENTIFIER=Intel64 Family 6 Model 78 Stepping 3, GenuineIntel



---------------  S Y S T E M  ---------------

OS: Windows 10.0 , 64 bit Build 18362 (10.0.18362.959)

CPU:total 4 (initial active 4) (2 cores per cpu, 2 threads per core) family 6 model 78 stepping 3, cmov, cx8, fxsr, mmx, sse, sse2, sse3, ssse3, sse4.1, sse4.2, popcnt, avx, avx2, aes, clmul, erms, 3dnowpref, lzcnt, ht, tsc, tscinvbit, bmi1, bmi2, adx

Memory: 4k page, physical 6152516k(455464k free), swap 25026884k(5392k free)

vm_info: OpenJDK 64-Bit Server VM (25.202-b03) for windows-amd64 JRE (1.8.0_202-release-1483-b03), built by "builder" with MS VC++ 10.0 (VS2010)

time: Tue Sep 08 22:30:22 2020
timezone: South Africa Standard Time
elapsed time: 153 seconds (0d 0h 2m 33s)

