#
# There is insufficient memory for the Java Runtime Environment to continue.
# Native memory allocation (malloc) failed to allocate 578416 bytes for Chunk::new
# Possible reasons:
#   The system is out of physical RAM or swap space
#   The process is running with CompressedOops enabled, and the Java Heap may be blocking the growth of the native heap
# Possible solutions:
#   Reduce memory load on the system
#   Increase physical memory or swap space
#   Check if swap backing store is full
#   Decrease Java heap size (-Xmx/-Xms)
#   Decrease number of Java threads
#   Decrease Java thread stack sizes (-Xss)
#   Set larger code cache with -XX:ReservedCodeCacheSize=
#   JVM is running with Unscaled Compressed Oops mode in which the Java heap is
#     placed in the first 4GB address space. The Java Heap base address is the
#     maximum limit for the native heap growth. Please use -XX:HeapBaseMinAddress
#     to set the Java Heap base and to place the Java Heap above 4GB virtual address.
# This output file may be truncated or incomplete.
#
#  Out of Memory Error (allocation.cpp:389), pid=18880, tid=0x00000000000031c4
#
# JRE version: OpenJDK Runtime Environment (8.0_202-b03) (build 1.8.0_202-release-1483-b03)
# Java VM: OpenJDK 64-Bit Server VM (25.202-b03 mixed mode windows-amd64 compressed oops)
# Failed to write core dump. Minidumps are not enabled by default on client versions of Windows
#

---------------  T H R E A D  ---------------

Current thread (0x000000001449e800):  JavaThread "C2 CompilerThread1" daemon [_thread_in_native, id=12740, stack(0x0000000015c00000,0x0000000015d00000)]

Stack: [0x0000000015c00000,0x0000000015d00000]
[error occurred during error reporting (printing stack bounds), id 0xc0000005]

Native frames: (J=compiled Java code, j=interpreted, Vv=VM code, C=native code)


Current CompileTask:
C2: 156368 6694       4       groovy.lang.MetaClassImpl::filterPropertyMethod (305 bytes)


---------------  P R O C E S S  ---------------

Java Threads: ( => current thread )
  0x0000000016a03000 JavaThread "Cache worker for Build Output Cleanup Cache (C:\Users\User\Documents\2021-UltimateGoal\.gradle\buildOutputCleanup)" [_thread_blocked, id=8240, stack(0x000000001feb0000,0x000000001ffb0000)]
  0x0000000016a04000 JavaThread "pool-1-thread-1" [_thread_blocked, id=14752, stack(0x0000000019c20000,0x0000000019d20000)]
  0x00000000169fe800 JavaThread "Build operations Thread 4" [_thread_blocked, id=3908, stack(0x000000001efb0000,0x000000001f0b0000)]
  0x0000000016a02800 JavaThread "Build operations Thread 3" [_thread_blocked, id=19724, stack(0x000000001eeb0000,0x000000001efb0000)]
  0x0000000016a05800 JavaThread "Build operations Thread 2" [_thread_blocked, id=27044, stack(0x000000001edb0000,0x000000001eeb0000)]
  0x00000000169fb800 JavaThread "Build operations" [_thread_blocked, id=5340, stack(0x000000001ecb0000,0x000000001edb0000)]
  0x0000000017f6d000 JavaThread "Cache worker for execution history cache (C:\Gradle\gradle-6.1\bin\caches\6.1.1\executionHistory)" [_thread_blocked, id=16004, stack(0x000000001dd20000,0x000000001de20000)]
  0x0000000017f6b800 JavaThread "Cache worker for cache directory md-rule (C:\Gradle\gradle-6.1\bin\caches\6.1.1\md-rule)" [_thread_blocked, id=21716, stack(0x000000001cb70000,0x000000001cc70000)]
  0x0000000017f68800 JavaThread "Cache worker for cache directory md-supplier (C:\Gradle\gradle-6.1\bin\caches\6.1.1\md-supplier)" [_thread_blocked, id=22516, stack(0x000000001c7c0000,0x000000001c8c0000)]
  0x0000000017f69800 JavaThread "Cache worker for file hash cache (C:\Users\User\Documents\2021-UltimateGoal\.gradle\6.1.1\fileHashes)" [_thread_blocked, id=20292, stack(0x000000001ca70000,0x000000001cb70000)]
  0x0000000017f68000 JavaThread "Cache worker for checksums cache (C:\Users\User\Documents\2021-UltimateGoal\.gradle\checksums)" [_thread_blocked, id=3604, stack(0x000000001c970000,0x000000001ca70000)]
  0x0000000017f6a000 JavaThread "Cache worker for file hash cache (C:\Gradle\gradle-6.1\bin\caches\6.1.1\fileHashes)" [_thread_blocked, id=10196, stack(0x000000001a220000,0x000000001a320000)]
  0x0000000017f6b000 JavaThread "File lock request listener" [_thread_in_native, id=29320, stack(0x000000001a120000,0x000000001a220000)]
  0x0000000017fff800 JavaThread "Cache worker for journal cache (C:\Gradle\gradle-6.1\bin\caches\journal-1)" [_thread_blocked, id=7648, stack(0x000000001a020000,0x000000001a120000)]
  0x0000000017e86800 JavaThread "Thread-9" [_thread_blocked, id=996, stack(0x0000000019d20000,0x0000000019e20000)]
  0x0000000017e93800 JavaThread "Asynchronous log dispatcher for DefaultDaemonConnection: socket connection from /127.0.0.1:57214 to /127.0.0.1:57215" [_thread_blocked, id=27396, stack(0x0000000019b20000,0x0000000019c20000)]
  0x0000000017f2c000 JavaThread "Daemon worker" [_thread_in_native, id=5800, stack(0x0000000019a20000,0x0000000019b20000)]
  0x0000000017e95000 JavaThread "Cancel handler" [_thread_blocked, id=24896, stack(0x0000000019920000,0x0000000019a20000)]
  0x0000000017eb5800 JavaThread "Handler for socket connection from /127.0.0.1:57214 to /127.0.0.1:57215" [_thread_in_native, id=7488, stack(0x0000000019620000,0x0000000019720000)]
  0x0000000017e6d800 JavaThread "Daemon" [_thread_blocked, id=23388, stack(0x0000000019520000,0x0000000019620000)]
  0x0000000017d64800 JavaThread "Daemon periodic checks" [_thread_blocked, id=2160, stack(0x0000000019420000,0x0000000019520000)]
  0x0000000017d74000 JavaThread "Incoming local TCP Connector on port 57214" [_thread_in_native, id=19820, stack(0x00000000191e0000,0x00000000192e0000)]
  0x0000000017dc4800 JavaThread "Daemon health stats" [_thread_blocked, id=20444, stack(0x0000000018ba0000,0x0000000018ca0000)]
  0x0000000015e18800 JavaThread "Service Thread" daemon [_thread_blocked, id=17196, stack(0x0000000016200000,0x0000000016300000)]
  0x00000000144a1000 JavaThread "C1 CompilerThread2" daemon [_thread_blocked, id=11320, stack(0x0000000015d00000,0x0000000015e00000)]
=>0x000000001449e800 JavaThread "C2 CompilerThread1" daemon [_thread_in_native, id=12740, stack(0x0000000015c00000,0x0000000015d00000)]
  0x00000000144a8800 JavaThread "C2 CompilerThread0" daemon [_thread_in_native, id=30584, stack(0x0000000015b00000,0x0000000015c00000)]
  0x00000000144a7800 JavaThread "Attach Listener" daemon [_thread_blocked, id=30248, stack(0x0000000015a00000,0x0000000015b00000)]
  0x00000000144a6000 JavaThread "Signal Dispatcher" daemon [_thread_blocked, id=20796, stack(0x0000000015900000,0x0000000015a00000)]
  0x000000000302c800 JavaThread "Finalizer" daemon [_thread_blocked, id=20068, stack(0x0000000015700000,0x0000000015800000)]
  0x0000000014489000 JavaThread "Reference Handler" daemon [_thread_blocked, id=9544, stack(0x0000000015600000,0x0000000015700000)]
  0x000000000307e000 JavaThread "main" [_thread_blocked, id=17312, stack(0x0000000002e10000,0x0000000002f10000)]

Other Threads:
  0x0000000014466000 VMThread [stack: 0x0000000015500000,0x0000000015600000] [id=3008]
  0x00000000144fe000 WatcherThread [stack: 0x0000000016300000,0x0000000016400000] [id=8080]

VM state:not at safepoint (normal execution)

VM Mutex/Monitor currently owned by a thread: None

heap address: 0x00000000e0000000, size: 512 MB, Compressed Oops mode: 32-bit
Narrow klass base: 0x0000000000000000, Narrow klass shift: 3
Compressed class space size: 1073741824 Address: 0x0000000100000000

Heap:
 PSYoungGen      total 145408K, used 35852K [0x00000000f5580000, 0x00000000ff680000, 0x0000000100000000)
  eden space 130048K, 27% used [0x00000000f5580000,0x00000000f7883318,0x00000000fd480000)
  from space 15360K, 0% used [0x00000000fe700000,0x00000000fe700000,0x00000000ff600000)
  to   space 17408K, 0% used [0x00000000fd480000,0x00000000fd480000,0x00000000fe580000)
 ParOldGen       total 175104K, used 33800K [0x00000000e0000000, 0x00000000eab00000, 0x00000000f5580000)
  object space 175104K, 19% used [0x00000000e0000000,0x00000000e21020f8,0x00000000eab00000)
 Metaspace       used 60561K, capacity 62636K, committed 62872K, reserved 1103872K
  class space    used 8020K, capacity 8498K, committed 8616K, reserved 1048576K

Card table byte_map: [0x0000000012440000,0x0000000012550000] byte_map_base: 0x0000000011d40000

Marking Bits: (ParMarkBitMap*) 0x0000000067629f30
 Begin Bits: [0x0000000012a00000, 0x0000000013200000)
 End Bits:   [0x0000000013200000, 0x0000000013a00000)

Polling page: 0x0000000000df0000

CodeCache: size=245760Kb used=20691Kb max_used=20691Kb free=225068Kb
 bounds [0x0000000003080000, 0x00000000044d0000, 0x0000000012080000]
 total_blobs=6756 nmethods=5925 adapters=744
 compilation: enabled

Compilation events (10 events):
Event: 156.278 Thread 0x00000000144a1000 6725   !   3       org.gradle.internal.operations.DefaultBuildOperationExecutor::call (38 bytes)
Event: 156.279 Thread 0x00000000144a1000 nmethod 6725 0x00000000044c1610 code [0x00000000044c1820, 0x00000000044c2228]
Event: 156.279 Thread 0x00000000144a1000 6726       3       org.gradle.internal.operations.DefaultBuildOperationExecutor$CallableBuildOperationWorker::<init> (5 bytes)
Event: 156.279 Thread 0x00000000144a1000 nmethod 6726 0x00000000044c2890 code [0x00000000044c2a00, 0x00000000044c2c10]
Event: 156.279 Thread 0x00000000144a1000 6727       3       com.google.common.collect.Lists::computeArrayListCapacity (23 bytes)
Event: 156.280 Thread 0x00000000144a1000 nmethod 6727 0x00000000044c2d10 code [0x00000000044c2e80, 0x00000000044c3148]
Event: 156.280 Thread 0x00000000144a1000 6728       3       org.gradle.internal.service.DefaultServiceRegistry::add (23 bytes)
Event: 156.281 Thread 0x00000000144a1000 nmethod 6728 0x00000000044c3250 code [0x00000000044c3440, 0x00000000044c3d68]
Event: 156.281 Thread 0x00000000144a1000 6729       3       org.gradle.internal.service.DefaultServiceRegistry$FixedInstanceService::<init> (12 bytes)
Event: 156.281 Thread 0x00000000144a1000 nmethod 6729 0x00000000044c44d0 code [0x00000000044c46a0, 0x00000000044c4e68]

GC Heap History (10 events):
Event: 141.605 GC heap before
{Heap before GC invocations=15 (full 2):
 PSYoungGen      total 155136K, used 148728K [0x00000000f5580000, 0x00000000ffd00000, 0x0000000100000000)
  eden space 144896K, 100% used [0x00000000f5580000,0x00000000fe300000,0x00000000fe300000)
  from space 10240K, 37% used [0x00000000ff300000,0x00000000ff6be008,0x00000000ffd00000)
  to   space 13312K, 0% used [0x00000000fe300000,0x00000000fe300000,0x00000000ff000000)
 ParOldGen       total 175104K, used 21638K [0x00000000e0000000, 0x00000000eab00000, 0x00000000f5580000)
  object space 175104K, 12% used [0x00000000e0000000,0x00000000e15219f8,0x00000000eab00000)
 Metaspace       used 41028K, capacity 42512K, committed 42792K, reserved 1085440K
  class space    used 5505K, capacity 5854K, committed 5928K, reserved 1048576K
Event: 141.607 GC heap after
Heap after GC invocations=15 (full 2):
 PSYoungGen      total 141824K, used 641K [0x00000000f5580000, 0x00000000ff900000, 0x0000000100000000)
  eden space 140800K, 0% used [0x00000000f5580000,0x00000000f5580000,0x00000000fdf00000)
  from space 1024K, 62% used [0x00000000fe300000,0x00000000fe3a0460,0x00000000fe400000)
  to   space 13312K, 0% used [0x00000000fec00000,0x00000000fec00000,0x00000000ff900000)
 ParOldGen       total 175104K, used 21646K [0x00000000e0000000, 0x00000000eab00000, 0x00000000f5580000)
  object space 175104K, 12% used [0x00000000e0000000,0x00000000e15239f8,0x00000000eab00000)
 Metaspace       used 41028K, capacity 42512K, committed 42792K, reserved 1085440K
  class space    used 5505K, capacity 5854K, committed 5928K, reserved 1048576K
}
Event: 143.429 GC heap before
{Heap before GC invocations=16 (full 2):
 PSYoungGen      total 141824K, used 141441K [0x00000000f5580000, 0x00000000ff900000, 0x0000000100000000)
  eden space 140800K, 100% used [0x00000000f5580000,0x00000000fdf00000,0x00000000fdf00000)
  from space 1024K, 62% used [0x00000000fe300000,0x00000000fe3a0460,0x00000000fe400000)
  to   space 13312K, 0% used [0x00000000fec00000,0x00000000fec00000,0x00000000ff900000)
 ParOldGen       total 175104K, used 21646K [0x00000000e0000000, 0x00000000eab00000, 0x00000000f5580000)
  object space 175104K, 12% used [0x00000000e0000000,0x00000000e15239f8,0x00000000eab00000)
 Metaspace       used 41030K, capacity 42512K, committed 42792K, reserved 1085440K
  class space    used 5505K, capacity 5854K, committed 5928K, reserved 1048576K
Event: 143.432 GC heap after
Heap after GC invocations=16 (full 2):
 PSYoungGen      total 147968K, used 513K [0x00000000f5580000, 0x00000000ff680000, 0x0000000100000000)
  eden space 137216K, 0% used [0x00000000f5580000,0x00000000f5580000,0x00000000fdb80000)
  from space 10752K, 4% used [0x00000000fec00000,0x00000000fec80460,0x00000000ff680000)
  to   space 13824K, 0% used [0x00000000fdb80000,0x00000000fdb80000,0x00000000fe900000)
 ParOldGen       total 175104K, used 21646K [0x00000000e0000000, 0x00000000eab00000, 0x00000000f5580000)
  object space 175104K, 12% used [0x00000000e0000000,0x00000000e15239f8,0x00000000eab00000)
 Metaspace       used 41030K, capacity 42512K, committed 42792K, reserved 1085440K
  class space    used 5505K, capacity 5854K, committed 5928K, reserved 1048576K
}
Event: 149.922 GC heap before
{Heap before GC invocations=17 (full 2):
 PSYoungGen      total 147968K, used 137729K [0x00000000f5580000, 0x00000000ff680000, 0x0000000100000000)
  eden space 137216K, 100% used [0x00000000f5580000,0x00000000fdb80000,0x00000000fdb80000)
  from space 10752K, 4% used [0x00000000fec00000,0x00000000fec80460,0x00000000ff680000)
  to   space 13824K, 0% used [0x00000000fdb80000,0x00000000fdb80000,0x00000000fe900000)
 ParOldGen       total 175104K, used 21646K [0x00000000e0000000, 0x00000000eab00000, 0x00000000f5580000)
  object space 175104K, 12% used [0x00000000e0000000,0x00000000e15239f8,0x00000000eab00000)
 Metaspace       used 51076K, capacity 52768K, committed 52904K, reserved 1095680K
  class space    used 6699K, capacity 7056K, committed 7080K, reserved 1048576K
Event: 149.930 GC heap after
Heap after GC invocations=17 (full 2):
 PSYoungGen      total 145408K, used 11426K [0x00000000f5580000, 0x00000000ff600000, 0x0000000100000000)
  eden space 133632K, 0% used [0x00000000f5580000,0x00000000f5580000,0x00000000fd800000)
  from space 11776K, 97% used [0x00000000fdb80000,0x00000000fe6a8be0,0x00000000fe700000)
  to   space 15360K, 0% used [0x00000000fe700000,0x00000000fe700000,0x00000000ff600000)
 ParOldGen       total 175104K, used 21654K [0x00000000e0000000, 0x00000000eab00000, 0x00000000f5580000)
  object space 175104K, 12% used [0x00000000e0000000,0x00000000e15259f8,0x00000000eab00000)
 Metaspace       used 51076K, capacity 52768K, committed 52904K, reserved 1095680K
  class space    used 6699K, capacity 7056K, committed 7080K, reserved 1048576K
}
Event: 153.995 GC heap before
{Heap before GC invocations=18 (full 2):
 PSYoungGen      total 145408K, used 100023K [0x00000000f5580000, 0x00000000ff600000, 0x0000000100000000)
  eden space 133632K, 66% used [0x00000000f5580000,0x00000000fac050c8,0x00000000fd800000)
  from space 11776K, 97% used [0x00000000fdb80000,0x00000000fe6a8be0,0x00000000fe700000)
  to   space 15360K, 0% used [0x00000000fe700000,0x00000000fe700000,0x00000000ff600000)
 ParOldGen       total 175104K, used 21654K [0x00000000e0000000, 0x00000000eab00000, 0x00000000f5580000)
  object space 175104K, 12% used [0x00000000e0000000,0x00000000e15259f8,0x00000000eab00000)
 Metaspace       used 57041K, capacity 59054K, committed 59160K, reserved 1099776K
  class space    used 7445K, capacity 7909K, committed 7976K, reserved 1048576K
Event: 154.008 GC heap after
Heap after GC invocations=18 (full 2):
 PSYoungGen      total 145408K, used 14829K [0x00000000f5580000, 0x00000000ff680000, 0x0000000100000000)
  eden space 130048K, 0% used [0x00000000f5580000,0x00000000f5580000,0x00000000fd480000)
  from space 15360K, 96% used [0x00000000fe700000,0x00000000ff57b4b8,0x00000000ff600000)
  to   space 17408K, 0% used [0x00000000fd480000,0x00000000fd480000,0x00000000fe580000)
 ParOldGen       total 175104K, used 21726K [0x00000000e0000000, 0x00000000eab00000, 0x00000000f5580000)
  object space 175104K, 12% used [0x00000000e0000000,0x00000000e1537a08,0x00000000eab00000)
 Metaspace       used 57041K, capacity 59054K, committed 59160K, reserved 1099776K
  class space    used 7445K, capacity 7909K, committed 7976K, reserved 1048576K
}
Event: 154.008 GC heap before
{Heap before GC invocations=19 (full 3):
 PSYoungGen      total 145408K, used 14829K [0x00000000f5580000, 0x00000000ff680000, 0x0000000100000000)
  eden space 130048K, 0% used [0x00000000f5580000,0x00000000f5580000,0x00000000fd480000)
  from space 15360K, 96% used [0x00000000fe700000,0x00000000ff57b4b8,0x00000000ff600000)
  to   space 17408K, 0% used [0x00000000fd480000,0x00000000fd480000,0x00000000fe580000)
 ParOldGen       total 175104K, used 21726K [0x00000000e0000000, 0x00000000eab00000, 0x00000000f5580000)
  object space 175104K, 12% used [0x00000000e0000000,0x00000000e1537a08,0x00000000eab00000)
 Metaspace       used 57041K, capacity 59054K, committed 59160K, reserved 1099776K
  class space    used 7445K, capacity 7909K, committed 7976K, reserved 1048576K
Event: 154.270 GC heap after
Heap after GC invocations=19 (full 3):
 PSYoungGen      total 145408K, used 0K [0x00000000f5580000, 0x00000000ff680000, 0x0000000100000000)
  eden space 130048K, 0% used [0x00000000f5580000,0x00000000f5580000,0x00000000fd480000)
  from space 15360K, 0% used [0x00000000fe700000,0x00000000fe700000,0x00000000ff600000)
  to   space 17408K, 0% used [0x00000000fd480000,0x00000000fd480000,0x00000000fe580000)
 ParOldGen       total 175104K, used 33800K [0x00000000e0000000, 0x00000000eab00000, 0x00000000f5580000)
  object space 175104K, 19% used [0x00000000e0000000,0x00000000e21020f8,0x00000000eab00000)
 Metaspace       used 56967K, capacity 58872K, committed 59160K, reserved 1099776K
  class space    used 7422K, capacity 7880K, committed 7976K, reserved 1048576K
}

Deoptimization events (10 events):
Event: 152.235 Thread 0x0000000017f2c000 Uncommon trap: reason=unstable_if action=reinterpret pc=0x00000000041196b0 method=org.gradle.internal.reflect.PropertyAccessorType.of(Ljava/lang/reflect/Method;)Lorg/gradle/internal/reflect/PropertyAccessorType; @ 56
Event: 153.060 Thread 0x0000000017f2c000 Uncommon trap: reason=unstable_if action=reinterpret pc=0x00000000041299f0 method=org.gradle.internal.instantiation.generator.AbstractClassGenerator$InjectionAnnotationValidator.validateMethod(Ljava/lang/reflect/Method;Lorg/gradle/internal/reflect/Propert
Event: 153.060 Thread 0x0000000017f2c000 Uncommon trap: reason=unstable_if action=reinterpret pc=0x000000000419156c method=org.gradle.internal.instantiation.generator.AbstractClassGenerator$InjectionAnnotationValidator.validateMethod(Ljava/lang/reflect/Method;Lorg/gradle/internal/reflect/Propert
Event: 153.394 Thread 0x0000000017f2c000 Uncommon trap: reason=null_check action=make_not_entrant pc=0x0000000003d69640 method=sun.util.locale.provider.LocaleResources.getDecimalFormatSymbolsData()[Ljava/lang/Object; @ 15
Event: 153.435 Thread 0x0000000017f2c000 Uncommon trap: reason=unstable_if action=reinterpret pc=0x000000000358030c method=java.util.WeakHashMap.expungeStaleEntries()V @ 66
Event: 153.665 Thread 0x0000000017f2c000 Uncommon trap: reason=class_check action=maybe_recompile pc=0x0000000003edfe94 method=com.google.common.io.ByteStreams.copy(Ljava/io/InputStream;Ljava/io/OutputStream;)J @ 18
Event: 154.513 Thread 0x0000000017f2c000 Uncommon trap: reason=unstable_if action=reinterpret pc=0x00000000041fc1b4 method=java.util.TreeMap.put(Ljava/lang/Object;Ljava/lang/Object;)Ljava/lang/Object; @ 163
Event: 156.272 Thread 0x0000000017f2c000 Uncommon trap: reason=null_check action=make_not_entrant pc=0x0000000004144ca8 method=java.lang.ThreadLocal$ThreadLocalMap.getEntryAfterMiss(Ljava/lang/ThreadLocal;ILjava/lang/ThreadLocal$ThreadLocalMap$Entry;)Ljava/lang/ThreadLocal$ThreadLocalMap$Entry; 
Event: 156.272 Thread 0x0000000017f2c000 Uncommon trap: reason=null_check action=make_not_entrant pc=0x0000000003e4d780 method=java.lang.ThreadLocal$ThreadLocalMap.getEntryAfterMiss(Ljava/lang/ThreadLocal;ILjava/lang/ThreadLocal$ThreadLocalMap$Entry;)Ljava/lang/ThreadLocal$ThreadLocalMap$Entry; 
Event: 156.272 Thread 0x0000000017f2c000 Uncommon trap: reason=null_check action=make_not_entrant pc=0x0000000003784b10 method=java.lang.ThreadLocal$ThreadLocalMap.getEntryAfterMiss(Ljava/lang/ThreadLocal;ILjava/lang/ThreadLocal$ThreadLocalMap$Entry;)Ljava/lang/ThreadLocal$ThreadLocalMap$Entry; 

Classes redefined (0 events):
No events

Internal exceptions (10 events):
Event: 156.214 Thread 0x0000000017f2c000 Exception <a 'java/lang/ClassNotFoundException': com/android/build/gradle/internal/api/BaseVariantOutputImplCustomizer> (0x00000000f73030c0) thrown at [D:\src\AOSP-openjdk-cygwin\jdk8u\hotspot\src\share\vm\classfile\systemDictionary.cpp, line 210]
Event: 156.215 Thread 0x0000000017f2c000 Exception <a 'java/lang/ClassNotFoundException': com/android/build/gradle/internal/api/ApkVariantOutputImplCustomizer> (0x00000000f733b690) thrown at [D:\src\AOSP-openjdk-cygwin\jdk8u\hotspot\src\share\vm\classfile\systemDictionary.cpp, line 210]
Event: 156.216 Thread 0x0000000017f2c000 Exception <a 'java/lang/ClassNotFoundException': com/android/build/gradle/internal/api/ApkVariantOutputImpl_DecoratedCustomizer> (0x00000000f736f2d0) thrown at [D:\src\AOSP-openjdk-cygwin\jdk8u\hotspot\src\share\vm\classfile\systemDictionary.cpp, line 210
Event: 156.226 Thread 0x0000000017f2c000 Exception <a 'java/lang/ClassNotFoundException': com/android/build/gradle/internal/api/LibraryVariantOutputImpl_DecoratedBeanInfo> (0x00000000f74e5c98) thrown at [D:\src\AOSP-openjdk-cygwin\jdk8u\hotspot\src\share\vm\classfile\systemDictionary.cpp, line 2
Event: 156.228 Thread 0x0000000017f2c000 Exception <a 'java/lang/ClassNotFoundException': com/android/build/gradle/internal/api/LibraryVariantOutputImplBeanInfo> (0x00000000f75044d8) thrown at [D:\src\AOSP-openjdk-cygwin\jdk8u\hotspot\src\share\vm\classfile\systemDictionary.cpp, line 210]
Event: 156.228 Thread 0x0000000017f2c000 Exception <a 'java/lang/ClassNotFoundException': com/android/build/gradle/internal/api/LibraryVariantOutputImplCustomizer> (0x00000000f7523880) thrown at [D:\src\AOSP-openjdk-cygwin\jdk8u\hotspot\src\share\vm\classfile\systemDictionary.cpp, line 210]
Event: 156.229 Thread 0x0000000017f2c000 Exception <a 'java/lang/ClassNotFoundException': com/android/build/gradle/internal/api/LibraryVariantOutputImpl_DecoratedCustomizer> (0x00000000f7550248) thrown at [D:\src\AOSP-openjdk-cygwin\jdk8u\hotspot\src\share\vm\classfile\systemDictionary.cpp, line
Event: 156.272 Thread 0x0000000017f2c000 Implicit null exception at 0x0000000004144825 to 0x0000000004144c89
Event: 156.272 Thread 0x0000000017f2c000 Implicit null exception at 0x0000000003e4d6b9 to 0x0000000003e4d75d
Event: 156.272 Thread 0x0000000017f2c000 Implicit null exception at 0x0000000003784a59 to 0x0000000003784aed

Events (10 events):
Event: 156.273 loading class com/android/build/api/variant/impl/GradleProperty
Event: 156.273 loading class com/android/build/api/variant/impl/GradleProperty done
Event: 156.274 loading class org/gradle/api/internal/provider/PropertyInternal
Event: 156.274 loading class org/gradle/api/internal/provider/PropertyInternal done
Event: 156.274 loading class org/gradle/api/internal/provider/ProviderInternal
Event: 156.274 loading class org/gradle/api/internal/provider/ProviderInternal done
Event: 156.274 Executing VM operation: Deoptimize
Event: 156.275 Executing VM operation: Deoptimize done
Event: 156.276 loading class com/android/build/api/variant/impl/GradleProperty$Companion
Event: 156.276 loading class com/android/build/api/variant/impl/GradleProperty$Companion done


Dynamic libraries:
0x00007ff628130000 - 0x00007ff628161000 	C:\Program Files\Android\Android Studio\jre\bin\java.exe
0x00007ff8e7a00000 - 0x00007ff8e7bf0000 	C:\WINDOWS\SYSTEM32\ntdll.dll
0x00007ff8e6770000 - 0x00007ff8e6822000 	C:\WINDOWS\System32\KERNEL32.DLL
0x00007ff8e52a0000 - 0x00007ff8e5544000 	C:\WINDOWS\System32\KERNELBASE.dll
0x00007ff8e7770000 - 0x00007ff8e7813000 	C:\WINDOWS\System32\ADVAPI32.dll
0x00007ff8e6620000 - 0x00007ff8e66be000 	C:\WINDOWS\System32\msvcrt.dll
0x00007ff8e7420000 - 0x00007ff8e74b7000 	C:\WINDOWS\System32\sechost.dll
0x00007ff8e78a0000 - 0x00007ff8e79c0000 	C:\WINDOWS\System32\RPCRT4.dll
0x00007ff8e6900000 - 0x00007ff8e6a95000 	C:\WINDOWS\System32\USER32.dll
0x00007ff8e5170000 - 0x00007ff8e5191000 	C:\WINDOWS\System32\win32u.dll
0x00007ff8e73f0000 - 0x00007ff8e7416000 	C:\WINDOWS\System32\GDI32.dll
0x00007ff8e5970000 - 0x00007ff8e5b06000 	C:\WINDOWS\System32\gdi32full.dll
0x00007ff8e51a0000 - 0x00007ff8e523e000 	C:\WINDOWS\System32\msvcp_win.dll
0x00007ff8e5550000 - 0x00007ff8e564a000 	C:\WINDOWS\System32\ucrtbase.dll
0x00007ff8e3d10000 - 0x00007ff8e3f94000 	C:\WINDOWS\WinSxS\amd64_microsoft.windows.common-controls_6595b64144ccf1df_6.0.18362.1016_none_9e7a36bbe461dae4\COMCTL32.dll
0x00007ff8e5e00000 - 0x00007ff8e6135000 	C:\WINDOWS\System32\combase.dll
0x00007ff8e5650000 - 0x00007ff8e56d0000 	C:\WINDOWS\System32\bcryptPrimitives.dll
0x00007ff8e7520000 - 0x00007ff8e754e000 	C:\WINDOWS\System32\IMM32.DLL
0x0000000069000000 - 0x00000000690d2000 	C:\Program Files\Android\Android Studio\jre\jre\bin\msvcr100.dll
0x0000000066e60000 - 0x00000000676a6000 	C:\Program Files\Android\Android Studio\jre\jre\bin\server\jvm.dll
0x00007ff8e71b0000 - 0x00007ff8e71b8000 	C:\WINDOWS\System32\PSAPI.DLL
0x00007ff8e2d90000 - 0x00007ff8e2d99000 	C:\WINDOWS\SYSTEM32\WSOCK32.dll
0x00007ff8e1400000 - 0x00007ff8e1424000 	C:\WINDOWS\SYSTEM32\WINMM.dll
0x00007ff8df550000 - 0x00007ff8df55a000 	C:\WINDOWS\SYSTEM32\VERSION.dll
0x00007ff8e65b0000 - 0x00007ff8e661f000 	C:\WINDOWS\System32\WS2_32.dll
0x00007ff8e0e10000 - 0x00007ff8e0e3d000 	C:\WINDOWS\SYSTEM32\winmmbase.dll
0x00007ff8e5700000 - 0x00007ff8e574a000 	C:\WINDOWS\System32\cfgmgr32.dll
0x00007ff8e0630000 - 0x00007ff8e063f000 	C:\Program Files\Android\Android Studio\jre\jre\bin\verify.dll
0x00007ff8da2e0000 - 0x00007ff8da309000 	C:\Program Files\Android\Android Studio\jre\jre\bin\java.dll
0x00007ff8da2c0000 - 0x00007ff8da2d6000 	C:\Program Files\Android\Android Studio\jre\jre\bin\zip.dll
0x00007ff8e6aa0000 - 0x00007ff8e7187000 	C:\WINDOWS\System32\SHELL32.dll
0x00007ff8e71d0000 - 0x00007ff8e7279000 	C:\WINDOWS\System32\shcore.dll
0x00007ff8e49e0000 - 0x00007ff8e5162000 	C:\WINDOWS\System32\windows.storage.dll
0x00007ff8e49b0000 - 0x00007ff8e49d3000 	C:\WINDOWS\System32\profapi.dll
0x00007ff8e4960000 - 0x00007ff8e49aa000 	C:\WINDOWS\System32\powrprof.dll
0x00007ff8e4910000 - 0x00007ff8e4920000 	C:\WINDOWS\System32\UMPDC.dll
0x00007ff8e5b10000 - 0x00007ff8e5b62000 	C:\WINDOWS\System32\shlwapi.dll
0x00007ff8e4920000 - 0x00007ff8e4931000 	C:\WINDOWS\System32\kernel.appcore.dll
0x00007ff8e5750000 - 0x00007ff8e5767000 	C:\WINDOWS\System32\cryptsp.dll
0x00007ff8da1a0000 - 0x00007ff8da1ba000 	C:\Program Files\Android\Android Studio\jre\jre\bin\net.dll
0x00007ff8e3a90000 - 0x00007ff8e3af7000 	C:\WINDOWS\system32\mswsock.dll
0x00007ff8da180000 - 0x00007ff8da191000 	C:\Program Files\Android\Android Studio\jre\jre\bin\nio.dll
0x00007ff8dfb40000 - 0x00007ff8dfb66000 	C:\Gradle\gradle-6.1\bin\native\31\windows-amd64\native-platform.dll
0x00007ff8dd920000 - 0x00007ff8dd92d000 	C:\Program Files\Android\Android Studio\jre\jre\bin\management.dll
0x00007ff8e3600000 - 0x00007ff8e3633000 	C:\WINDOWS\system32\rsaenh.dll
0x00007ff8e56d0000 - 0x00007ff8e56f6000 	C:\WINDOWS\System32\bcrypt.dll
0x00007ff8e4800000 - 0x00007ff8e4825000 	C:\WINDOWS\SYSTEM32\USERENV.dll
0x00007ff8e3c80000 - 0x00007ff8e3c8c000 	C:\WINDOWS\SYSTEM32\CRYPTBASE.dll
0x00007ff8e37a0000 - 0x00007ff8e37da000 	C:\WINDOWS\SYSTEM32\IPHLPAPI.DLL
0x00007ff8e71c0000 - 0x00007ff8e71c8000 	C:\WINDOWS\System32\NSI.dll
0x00007ff8dd330000 - 0x00007ff8dd346000 	C:\WINDOWS\SYSTEM32\dhcpcsvc6.DLL
0x00007ff8dd130000 - 0x00007ff8dd14c000 	C:\WINDOWS\SYSTEM32\dhcpcsvc.DLL
0x00007ff8e37e0000 - 0x00007ff8e38ab000 	C:\WINDOWS\SYSTEM32\DNSAPI.dll
0x00007ff8cb7a0000 - 0x00007ff8cb7c4000 	C:\Program Files\Android\Android Studio\jre\jre\bin\sunec.dll
0x00007ff8dc0a0000 - 0x00007ff8dc0aa000 	C:\Windows\System32\rasadhlp.dll
0x00007ff8dc510000 - 0x00007ff8dc587000 	C:\WINDOWS\System32\fwpuclnt.dll
0x00007ff8dfb30000 - 0x00007ff8dfb3b000 	C:\Program Files\Android\Android Studio\jre\jre\bin\sunmscapi.dll
0x00007ff8e5770000 - 0x00007ff8e58b9000 	C:\WINDOWS\System32\CRYPT32.dll
0x00007ff8e4940000 - 0x00007ff8e4952000 	C:\WINDOWS\System32\MSASN1.dll

VM Arguments:
jvm_args: -XX:MaxMetaspaceSize=256m -XX:+HeapDumpOnOutOfMemoryError -Xms256m -Xmx512m -Dfile.encoding=windows-1252 -Duser.country=ZA -Duser.language=en -Duser.variant 
java_command: org.gradle.launcher.daemon.bootstrap.GradleDaemon 6.1.1
java_class_path (initial): C:\Gradle\gradle-6.1\bin\wrapper\dists\gradle-6.1.1-all\cfmwm155h49vnt3hynmlrsdst\gradle-6.1.1\lib\gradle-launcher-6.1.1.jar
Launcher Type: SUN_STANDARD

Environment Variables:
JAVA_HOME=C:\Program Files\Amazon Corretto\jdk11.0.6_10
PATH=C:\Program Files\Amazon Corretto\jdk11.0.6_10\bin;C:\ProgramData\Oracle\Java\javapath;C:\Program Files (x86)\Embarcadero\Studio\20.0\bin;C:\Users\Public\Documents\Embarcadero\Studio\20.0\Bpl;C:\Program Files (x86)\Embarcadero\Studio\20.0\bin64;C:\Users\Public\Documents\Embarcadero\Studio\20.0\Bpl\Win64;C:\Program Files (x86)\Intel\iCLS Client\;C:\Program Files\Intel\iCLS Client\;C:\WINDOWS\system32;C:\WINDOWS;C:\WINDOWS\System32\Wbem;C:\WINDOWS\System32\WindowsPowerShell\v1.0\;C:\Program Files (x86)\Intel\Intel(R) Management Engine Components\DAL;C:\Program Files\Intel\Intel(R) Management Engine Components\DAL;C:\Program Files (x86)\Intel\Intel(R) Management Engine Components\IPT;C:\Program Files\Intel\Intel(R) Management Engine Components\IPT;C:\Gradle\gradle-6.1\bin;C:\Program Files\Git\cmd;C:\Program Files\Git\bin;C:\WINDOWS\System32\OpenSSH\;C:\Program Files\SourceGear\Common\DiffMerge\;C:\Users\User\AppData\Local\Microsoft\WindowsApps;C:\Users\User\AppData\Local\GitHubDesktop\bin;%USERPROFILE%\AppData\Local\Microsoft\WindowsApps;
USERNAME=User
OS=Windows_NT
PROCESSOR_IDENTIFIER=Intel64 Family 6 Model 78 Stepping 3, GenuineIntel



---------------  S Y S T E M  ---------------

OS: Windows 10.0 , 64 bit Build 18362 (10.0.18362.959)

CPU:total 4 (initial active 4) (2 cores per cpu, 2 threads per core) family 6 model 78 stepping 3, cmov, cx8, fxsr, mmx, sse, sse2, sse3, ssse3, sse4.1, sse4.2, popcnt, avx, avx2, aes, clmul, erms, 3dnowpref, lzcnt, ht, tsc, tscinvbit, bmi1, bmi2, adx

Memory: 4k page, physical 6152516k(313912k free), swap 25026884k(3444k free)

vm_info: OpenJDK 64-Bit Server VM (25.202-b03) for windows-amd64 JRE (1.8.0_202-release-1483-b03), built by "builder" with MS VC++ 10.0 (VS2010)

time: Wed Sep 09 09:25:47 2020
timezone: South Africa Standard Time
elapsed time: 156 seconds (0d 0h 2m 36s)

