#
# There is insufficient memory for the Java Runtime Environment to continue.
# Native memory allocation (malloc) failed to allocate 441184 bytes for Chunk::new
# Possible reasons:
#   The system is out of physical RAM or swap space
#   The process is running with CompressedOops enabled, and the Java Heap may be blocking the growth of the native heap
# Possible solutions:
#   Reduce memory load on the system
#   Increase physical memory or swap space
#   Check if swap backing store is full
#   Decrease Java heap size (-Xmx/-Xms)
#   Decrease number of Java threads
#   Decrease Java thread stack sizes (-Xss)
#   Set larger code cache with -XX:ReservedCodeCacheSize=
#   JVM is running with Unscaled Compressed Oops mode in which the Java heap is
#     placed in the first 4GB address space. The Java Heap base address is the
#     maximum limit for the native heap growth. Please use -XX:HeapBaseMinAddress
#     to set the Java Heap base and to place the Java Heap above 4GB virtual address.
# This output file may be truncated or incomplete.
#
#  Out of Memory Error (allocation.cpp:389), pid=19972, tid=0x0000000000004624
#
# JRE version: OpenJDK Runtime Environment (8.0_202-b03) (build 1.8.0_202-release-1483-b03)
# Java VM: OpenJDK 64-Bit Server VM (25.202-b03 mixed mode windows-amd64 compressed oops)
# Failed to write core dump. Minidumps are not enabled by default on client versions of Windows
#

---------------  T H R E A D  ---------------

Current thread (0x000000001403f000):  JavaThread "C2 CompilerThread0" daemon [_thread_in_native, id=17956, stack(0x0000000015690000,0x0000000015790000)]

Stack: [0x0000000015690000,0x0000000015790000]
[error occurred during error reporting (printing stack bounds), id 0xc0000005]

Native frames: (J=compiled Java code, j=interpreted, Vv=VM code, C=native code)


Current CompileTask:
C2:  25797 2136       4       java.net.URLClassLoader$1::run (5 bytes)


---------------  P R O C E S S  ---------------

Java Threads: ( => current thread )
  0x0000000015dad000 JavaThread "Cache worker for execution history cache (C:\Gradle\gradle-6.1\bin\caches\6.1.1\executionHistory)" [_thread_blocked, id=19512, stack(0x000000001b980000,0x000000001ba80000)]
  0x0000000015db2800 JavaThread "Cache worker for cache directory md-rule (C:\Gradle\gradle-6.1\bin\caches\6.1.1\md-rule)" [_thread_blocked, id=17164, stack(0x000000001b880000,0x000000001b980000)]
  0x0000000015db1800 JavaThread "Cache worker for cache directory md-supplier (C:\Gradle\gradle-6.1\bin\caches\6.1.1\md-supplier)" [_thread_blocked, id=25732, stack(0x000000001b780000,0x000000001b880000)]
  0x0000000015db0000 JavaThread "Cache worker for file hash cache (C:\Users\User\Documents\2021-UltimateGoal\.gradle\6.1.1\fileHashes)" [_thread_blocked, id=16168, stack(0x000000001b280000,0x000000001b380000)]
  0x0000000015db1000 JavaThread "Cache worker for checksums cache (C:\Users\User\Documents\2021-UltimateGoal\.gradle\checksums)" [_thread_blocked, id=28272, stack(0x000000001b180000,0x000000001b280000)]
  0x0000000015dae000 JavaThread "Cache worker for file hash cache (C:\Gradle\gradle-6.1\bin\caches\6.1.1\fileHashes)" [_thread_blocked, id=19312, stack(0x000000001ad80000,0x000000001ae80000)]
  0x0000000015daf800 JavaThread "File lock request listener" [_thread_in_native, id=7788, stack(0x0000000019cb0000,0x0000000019db0000)]
  0x0000000015dae800 JavaThread "Cache worker for journal cache (C:\Gradle\gradle-6.1\bin\caches\journal-1)" [_thread_blocked, id=12048, stack(0x0000000019bb0000,0x0000000019cb0000)]
  0x0000000017127800 JavaThread "Thread-9" [_thread_blocked, id=17784, stack(0x00000000198b0000,0x00000000199b0000)]
  0x0000000017122800 JavaThread "Stdin handler" [_thread_blocked, id=27304, stack(0x00000000197b0000,0x00000000198b0000)]
  0x0000000017121800 JavaThread "Asynchronous log dispatcher for DefaultDaemonConnection: socket connection from /127.0.0.1:56891 to /127.0.0.1:56892" [_thread_blocked, id=19836, stack(0x00000000196b0000,0x00000000197b0000)]
  0x0000000016ac5800 JavaThread "Daemon worker" [_thread_in_native, id=18000, stack(0x00000000195b0000,0x00000000196b0000)]
  0x0000000016ac4800 JavaThread "Cancel handler" [_thread_blocked, id=27224, stack(0x00000000194b0000,0x00000000195b0000)]
  0x0000000016be8800 JavaThread "Handler for socket connection from /127.0.0.1:56891 to /127.0.0.1:56892" [_thread_in_native, id=27480, stack(0x00000000191b0000,0x00000000192b0000)]
  0x0000000016be7800 JavaThread "Daemon" [_thread_blocked, id=21456, stack(0x00000000190b0000,0x00000000191b0000)]
  0x0000000016810000 JavaThread "Daemon periodic checks" [_thread_blocked, id=2936, stack(0x0000000018fb0000,0x00000000190b0000)]
  0x000000001680f000 JavaThread "Incoming local TCP Connector on port 56891" [_thread_in_native, id=22824, stack(0x0000000018d70000,0x0000000018e70000)]
  0x00000000179a2000 JavaThread "Daemon health stats" [_thread_blocked, id=23764, stack(0x0000000018730000,0x0000000018830000)]
  0x0000000014094800 JavaThread "Service Thread" daemon [_thread_blocked, id=28540, stack(0x0000000015990000,0x0000000015a90000)]
  0x000000001404b800 JavaThread "C1 CompilerThread2" daemon [_thread_blocked, id=2504, stack(0x0000000015890000,0x0000000015990000)]
  0x0000000014043000 JavaThread "C2 CompilerThread1" daemon [_thread_in_native, id=4944, stack(0x0000000015790000,0x0000000015890000)]
=>0x000000001403f000 JavaThread "C2 CompilerThread0" daemon [_thread_in_native, id=17956, stack(0x0000000015690000,0x0000000015790000)]
  0x0000000014047800 JavaThread "Attach Listener" daemon [_thread_blocked, id=29096, stack(0x0000000015590000,0x0000000015690000)]
  0x0000000014046000 JavaThread "Signal Dispatcher" daemon [_thread_blocked, id=26524, stack(0x0000000015490000,0x0000000015590000)]
  0x0000000002c1c000 JavaThread "Finalizer" daemon [_thread_blocked, id=27176, stack(0x0000000015290000,0x0000000015390000)]
  0x0000000014029000 JavaThread "Reference Handler" daemon [_thread_blocked, id=10644, stack(0x0000000015190000,0x0000000015290000)]
  0x00000000029be000 JavaThread "main" [_thread_blocked, id=15924, stack(0x00000000029c0000,0x0000000002ac0000)]

Other Threads:
  0x0000000014006000 VMThread [stack: 0x0000000015090000,0x0000000015190000] [id=17712]
  0x0000000014096000 WatcherThread [stack: 0x0000000015a90000,0x0000000015b90000] [id=20896]

VM state:not at safepoint (normal execution)

VM Mutex/Monitor currently owned by a thread: None

heap address: 0x00000000e0000000, size: 512 MB, Compressed Oops mode: 32-bit
Narrow klass base: 0x0000000000000000, Narrow klass shift: 3
Compressed class space size: 1073741824 Address: 0x0000000100000000

Heap:
 PSYoungGen      total 76288K, used 52870K [0x00000000f5580000, 0x00000000faa80000, 0x0000000100000000)
  eden space 65536K, 80% used [0x00000000f5580000,0x00000000f8921ac0,0x00000000f9580000)
  from space 10752K, 0% used [0x00000000fa000000,0x00000000fa000000,0x00000000faa80000)
  to   space 10752K, 0% used [0x00000000f9580000,0x00000000f9580000,0x00000000fa000000)
 ParOldGen       total 175104K, used 6936K [0x00000000e0000000, 0x00000000eab00000, 0x00000000f5580000)
  object space 175104K, 3% used [0x00000000e0000000,0x00000000e06c60c0,0x00000000eab00000)
 Metaspace       used 24842K, capacity 25540K, committed 25776K, reserved 1071104K
  class space    used 3535K, capacity 3744K, committed 3760K, reserved 1048576K

Card table byte_map: [0x0000000011fe0000,0x00000000120f0000] byte_map_base: 0x00000000118e0000

Marking Bits: (ParMarkBitMap*) 0x0000000067629f30
 Begin Bits: [0x00000000125a0000, 0x0000000012da0000)
 End Bits:   [0x0000000012da0000, 0x00000000135a0000)

Polling page: 0x0000000000d60000

CodeCache: size=245760Kb used=6504Kb max_used=6504Kb free=239255Kb
 bounds [0x0000000002c20000, 0x0000000003290000, 0x0000000011c20000]
 total_blobs=2453 nmethods=1929 adapters=437
 compilation: enabled

Compilation events (10 events):
Event: 24.734 Thread 0x000000001404b800 2133       3       java.io.WinNTFileSystem::resolve (231 bytes)
Event: 24.736 Thread 0x000000001404b800 nmethod 2133 0x0000000003182110 code [0x00000000031823e0, 0x0000000003183c68]
Event: 24.742 Thread 0x000000001404b800 2134       3       org.gradle.internal.logging.slf4j.OutputEventListenerBackedLogger::isDebugEnabled (8 bytes)
Event: 24.743 Thread 0x000000001404b800 nmethod 2134 0x0000000003186b50 code [0x0000000003186ce0, 0x00000000031871a8]
Event: 25.415 Thread 0x000000001404b800 2135       1       sun.management.MemoryPoolImpl::getName (5 bytes)
Event: 25.415 Thread 0x000000001404b800 nmethod 2135 0x0000000003280910 code [0x0000000003280a60, 0x0000000003280b70]
Event: 25.499 Thread 0x000000001403f000 2136       4       java.net.URLClassLoader$1::run (5 bytes)
Event: 25.499 Thread 0x0000000014043000 2137   !   4       java.net.URLClassLoader$1::run (63 bytes)
Event: 25.671 Thread 0x000000001404b800 2138       1       java.util.Collections::emptyList (4 bytes)
Event: 25.671 Thread 0x000000001404b800 nmethod 2138 0x0000000002dcc650 code [0x0000000002dcc7a0, 0x0000000002dcc890]

GC Heap History (10 events):
Event: 3.697 GC heap before
{Heap before GC invocations=1 (full 0):
 PSYoungGen      total 76288K, used 65536K [0x00000000f5580000, 0x00000000faa80000, 0x0000000100000000)
  eden space 65536K, 100% used [0x00000000f5580000,0x00000000f9580000,0x00000000f9580000)
  from space 10752K, 0% used [0x00000000fa000000,0x00000000fa000000,0x00000000faa80000)
  to   space 10752K, 0% used [0x00000000f9580000,0x00000000f9580000,0x00000000fa000000)
 ParOldGen       total 175104K, used 0K [0x00000000e0000000, 0x00000000eab00000, 0x00000000f5580000)
  object space 175104K, 0% used [0x00000000e0000000,0x00000000e0000000,0x00000000eab00000)
 Metaspace       used 7629K, capacity 7912K, committed 8064K, reserved 1056768K
  class space    used 943K, capacity 1040K, committed 1152K, reserved 1048576K
Event: 3.774 GC heap after
Heap after GC invocations=1 (full 0):
 PSYoungGen      total 76288K, used 5822K [0x00000000f5580000, 0x00000000faa80000, 0x0000000100000000)
  eden space 65536K, 0% used [0x00000000f5580000,0x00000000f5580000,0x00000000f9580000)
  from space 10752K, 54% used [0x00000000f9580000,0x00000000f9b2f828,0x00000000fa000000)
  to   space 10752K, 0% used [0x00000000fa000000,0x00000000fa000000,0x00000000faa80000)
 ParOldGen       total 175104K, used 16K [0x00000000e0000000, 0x00000000eab00000, 0x00000000f5580000)
  object space 175104K, 0% used [0x00000000e0000000,0x00000000e0004000,0x00000000eab00000)
 Metaspace       used 7629K, capacity 7912K, committed 8064K, reserved 1056768K
  class space    used 943K, capacity 1040K, committed 1152K, reserved 1048576K
}
Event: 10.777 GC heap before
{Heap before GC invocations=2 (full 0):
 PSYoungGen      total 76288K, used 71358K [0x00000000f5580000, 0x00000000faa80000, 0x0000000100000000)
  eden space 65536K, 100% used [0x00000000f5580000,0x00000000f9580000,0x00000000f9580000)
  from space 10752K, 54% used [0x00000000f9580000,0x00000000f9b2f828,0x00000000fa000000)
  to   space 10752K, 0% used [0x00000000fa000000,0x00000000fa000000,0x00000000faa80000)
 ParOldGen       total 175104K, used 16K [0x00000000e0000000, 0x00000000eab00000, 0x00000000f5580000)
  object space 175104K, 0% used [0x00000000e0000000,0x00000000e0004000,0x00000000eab00000)
 Metaspace       used 14962K, capacity 15338K, committed 15488K, reserved 1062912K
  class space    used 1982K, capacity 2121K, committed 2176K, reserved 1048576K
Event: 10.792 GC heap after
Heap after GC invocations=2 (full 0):
 PSYoungGen      total 76288K, used 9297K [0x00000000f5580000, 0x00000000faa80000, 0x0000000100000000)
  eden space 65536K, 0% used [0x00000000f5580000,0x00000000f5580000,0x00000000f9580000)
  from space 10752K, 86% used [0x00000000fa000000,0x00000000fa914610,0x00000000faa80000)
  to   space 10752K, 0% used [0x00000000f9580000,0x00000000f9580000,0x00000000fa000000)
 ParOldGen       total 175104K, used 24K [0x00000000e0000000, 0x00000000eab00000, 0x00000000f5580000)
  object space 175104K, 0% used [0x00000000e0000000,0x00000000e0006000,0x00000000eab00000)
 Metaspace       used 14962K, capacity 15338K, committed 15488K, reserved 1062912K
  class space    used 1982K, capacity 2121K, committed 2176K, reserved 1048576K
}
Event: 20.981 GC heap before
{Heap before GC invocations=3 (full 0):
 PSYoungGen      total 76288K, used 74833K [0x00000000f5580000, 0x00000000faa80000, 0x0000000100000000)
  eden space 65536K, 100% used [0x00000000f5580000,0x00000000f9580000,0x00000000f9580000)
  from space 10752K, 86% used [0x00000000fa000000,0x00000000fa914610,0x00000000faa80000)
  to   space 10752K, 0% used [0x00000000f9580000,0x00000000f9580000,0x00000000fa000000)
 ParOldGen       total 175104K, used 24K [0x00000000e0000000, 0x00000000eab00000, 0x00000000f5580000)
  object space 175104K, 0% used [0x00000000e0000000,0x00000000e0006000,0x00000000eab00000)
 Metaspace       used 20358K, capacity 21038K, committed 21248K, reserved 1067008K
  class space    used 2859K, capacity 3057K, committed 3072K, reserved 1048576K
Event: 20.994 GC heap after
Heap after GC invocations=3 (full 0):
 PSYoungGen      total 76288K, used 10720K [0x00000000f5580000, 0x00000000faa80000, 0x0000000100000000)
  eden space 65536K, 0% used [0x00000000f5580000,0x00000000f5580000,0x00000000f9580000)
  from space 10752K, 99% used [0x00000000f9580000,0x00000000f9ff82f0,0x00000000fa000000)
  to   space 10752K, 0% used [0x00000000fa000000,0x00000000fa000000,0x00000000faa80000)
 ParOldGen       total 175104K, used 1069K [0x00000000e0000000, 0x00000000eab00000, 0x00000000f5580000)
  object space 175104K, 0% used [0x00000000e0000000,0x00000000e010b500,0x00000000eab00000)
 Metaspace       used 20358K, capacity 21038K, committed 21248K, reserved 1067008K
  class space    used 2859K, capacity 3057K, committed 3072K, reserved 1048576K
}
Event: 21.114 GC heap before
{Heap before GC invocations=4 (full 0):
 PSYoungGen      total 76288K, used 14450K [0x00000000f5580000, 0x00000000faa80000, 0x0000000100000000)
  eden space 65536K, 5% used [0x00000000f5580000,0x00000000f5924790,0x00000000f9580000)
  from space 10752K, 99% used [0x00000000f9580000,0x00000000f9ff82f0,0x00000000fa000000)
  to   space 10752K, 0% used [0x00000000fa000000,0x00000000fa000000,0x00000000faa80000)
 ParOldGen       total 175104K, used 1069K [0x00000000e0000000, 0x00000000eab00000, 0x00000000f5580000)
  object space 175104K, 0% used [0x00000000e0000000,0x00000000e010b500,0x00000000eab00000)
 Metaspace       used 20542K, capacity 21204K, committed 21296K, reserved 1067008K
  class space    used 2885K, capacity 3090K, committed 3120K, reserved 1048576K
Event: 21.120 GC heap after
Heap after GC invocations=4 (full 0):
 PSYoungGen      total 76288K, used 7066K [0x00000000f5580000, 0x00000000faa80000, 0x0000000100000000)
  eden space 65536K, 0% used [0x00000000f5580000,0x00000000f5580000,0x00000000f9580000)
  from space 10752K, 65% used [0x00000000fa000000,0x00000000fa6e6a80,0x00000000faa80000)
  to   space 10752K, 0% used [0x00000000f9580000,0x00000000f9580000,0x00000000fa000000)
 ParOldGen       total 175104K, used 1069K [0x00000000e0000000, 0x00000000eab00000, 0x00000000f5580000)
  object space 175104K, 0% used [0x00000000e0000000,0x00000000e010b500,0x00000000eab00000)
 Metaspace       used 20542K, capacity 21204K, committed 21296K, reserved 1067008K
  class space    used 2885K, capacity 3090K, committed 3120K, reserved 1048576K
}
Event: 21.120 GC heap before
{Heap before GC invocations=5 (full 1):
 PSYoungGen      total 76288K, used 7066K [0x00000000f5580000, 0x00000000faa80000, 0x0000000100000000)
  eden space 65536K, 0% used [0x00000000f5580000,0x00000000f5580000,0x00000000f9580000)
  from space 10752K, 65% used [0x00000000fa000000,0x00000000fa6e6a80,0x00000000faa80000)
  to   space 10752K, 0% used [0x00000000f9580000,0x00000000f9580000,0x00000000fa000000)
 ParOldGen       total 175104K, used 1069K [0x00000000e0000000, 0x00000000eab00000, 0x00000000f5580000)
  object space 175104K, 0% used [0x00000000e0000000,0x00000000e010b500,0x00000000eab00000)
 Metaspace       used 20542K, capacity 21204K, committed 21296K, reserved 1067008K
  class space    used 2885K, capacity 3090K, committed 3120K, reserved 1048576K
Event: 21.232 GC heap after
Heap after GC invocations=5 (full 1):
 PSYoungGen      total 76288K, used 0K [0x00000000f5580000, 0x00000000faa80000, 0x0000000100000000)
  eden space 65536K, 0% used [0x00000000f5580000,0x00000000f5580000,0x00000000f9580000)
  from space 10752K, 0% used [0x00000000fa000000,0x00000000fa000000,0x00000000faa80000)
  to   space 10752K, 0% used [0x00000000f9580000,0x00000000f9580000,0x00000000fa000000)
 ParOldGen       total 175104K, used 6936K [0x00000000e0000000, 0x00000000eab00000, 0x00000000f5580000)
  object space 175104K, 3% used [0x00000000e0000000,0x00000000e06c60c0,0x00000000eab00000)
 Metaspace       used 20542K, capacity 21204K, committed 21296K, reserved 1067008K
  class space    used 2885K, capacity 3090K, committed 3120K, reserved 1048576K
}

Deoptimization events (10 events):
Event: 15.178 Thread 0x0000000016ac5800 Uncommon trap: reason=unstable_if action=reinterpret pc=0x0000000002dec508 method=java.net.URI.match(CJJ)Z @ 19
Event: 15.178 Thread 0x0000000016ac5800 Uncommon trap: reason=unstable_if action=reinterpret pc=0x0000000002ec14c0 method=java.net.URI.match(CJJ)Z @ 19
Event: 16.252 Thread 0x0000000015dae000 Uncommon trap: reason=bimorphic action=maybe_recompile pc=0x0000000003218ba4 method=java.io.DataOutputStream.writeShort(I)V @ 12
Event: 20.462 Thread 0x0000000016ac5800 Uncommon trap: reason=bimorphic action=maybe_recompile pc=0x000000000312ee44 method=java.lang.ClassLoader.loadClass(Ljava/lang/String;Z)Ljava/lang/Class; @ 38
Event: 20.466 Thread 0x0000000016ac5800 Uncommon trap: reason=bimorphic action=maybe_recompile pc=0x000000000312ee44 method=java.lang.ClassLoader.loadClass(Ljava/lang/String;Z)Ljava/lang/Class; @ 38
Event: 20.467 Thread 0x0000000016ac5800 Uncommon trap: reason=bimorphic action=maybe_recompile pc=0x000000000312ee44 method=java.lang.ClassLoader.loadClass(Ljava/lang/String;Z)Ljava/lang/Class; @ 38
Event: 20.467 Thread 0x0000000016ac5800 Uncommon trap: reason=bimorphic action=maybe_recompile pc=0x000000000312ee44 method=java.lang.ClassLoader.loadClass(Ljava/lang/String;Z)Ljava/lang/Class; @ 38
Event: 21.470 Thread 0x0000000016ac5800 Uncommon trap: reason=unstable_if action=reinterpret pc=0x00000000031135e4 method=java.util.HashMap.hash(Ljava/lang/Object;)I @ 1
Event: 21.879 Thread 0x0000000016ac5800 Uncommon trap: reason=unstable_if action=reinterpret pc=0x0000000002f2458c method=java.io.WinNTFileSystem.resolve(Ljava/lang/String;Ljava/lang/String;)Ljava/lang/String; @ 49
Event: 22.162 Thread 0x0000000016ac5800 Uncommon trap: reason=unstable_if action=reinterpret pc=0x0000000002f4f630 method=java.util.LinkedHashMap.afterNodeInsertion(Z)V @ 1

Classes redefined (0 events):
No events

Internal exceptions (10 events):
Event: 20.667 Thread 0x0000000016ac5800 Exception <a 'java/lang/NoSuchMethodError': <clinit>> (0x00000000f9391738) thrown at [D:\src\AOSP-openjdk-cygwin\jdk8u\hotspot\src\share\vm\prims\jni.cpp, line 1614]
Event: 20.673 Thread 0x0000000016ac5800 Exception <a 'java/lang/NoSuchMethodError': <clinit>> (0x00000000f93d7cc0) thrown at [D:\src\AOSP-openjdk-cygwin\jdk8u\hotspot\src\share\vm\prims\jni.cpp, line 1614]
Event: 20.675 Thread 0x0000000016ac5800 Exception <a 'java/lang/NoSuchMethodError': <clinit>> (0x00000000f93e9058) thrown at [D:\src\AOSP-openjdk-cygwin\jdk8u\hotspot\src\share\vm\prims\jni.cpp, line 1614]
Event: 20.676 Thread 0x0000000016ac5800 Exception <a 'java/lang/NoSuchMethodError': <clinit>> (0x00000000f93f6380) thrown at [D:\src\AOSP-openjdk-cygwin\jdk8u\hotspot\src\share\vm\prims\jni.cpp, line 1614]
Event: 20.681 Thread 0x0000000016ac5800 Exception <a 'java/lang/NoSuchMethodError': <clinit>> (0x00000000f94c9660) thrown at [D:\src\AOSP-openjdk-cygwin\jdk8u\hotspot\src\share\vm\prims\jni.cpp, line 1614]
Event: 20.682 Thread 0x0000000016ac5800 Exception <a 'java/lang/NoSuchMethodError': <clinit>> (0x00000000f94cd710) thrown at [D:\src\AOSP-openjdk-cygwin\jdk8u\hotspot\src\share\vm\prims\jni.cpp, line 1614]
Event: 20.682 Thread 0x0000000016ac5800 Exception <a 'java/lang/NoSuchMethodError': <clinit>> (0x00000000f94cf380) thrown at [D:\src\AOSP-openjdk-cygwin\jdk8u\hotspot\src\share\vm\prims\jni.cpp, line 1614]
Event: 20.682 Thread 0x0000000016ac5800 Exception <a 'java/lang/NoSuchMethodError': <clinit>> (0x00000000f94d0ad0) thrown at [D:\src\AOSP-openjdk-cygwin\jdk8u\hotspot\src\share\vm\prims\jni.cpp, line 1614]
Event: 20.682 Thread 0x0000000016ac5800 Exception <a 'java/lang/NoSuchMethodError': <clinit>> (0x00000000f94d20d0) thrown at [D:\src\AOSP-openjdk-cygwin\jdk8u\hotspot\src\share\vm\prims\jni.cpp, line 1614]
Event: 21.470 Thread 0x0000000016ac5800 Implicit null exception at 0x00000000031133d5 to 0x00000000031135d5

Events (10 events):
Event: 25.701 loading class org/codehaus/groovy/vmplugin/v5/Java5
Event: 25.701 loading class org/codehaus/groovy/vmplugin/v5/Java5 done
Event: 25.703 loading class java/lang/reflect/MalformedParameterizedTypeException
Event: 25.703 loading class java/lang/reflect/MalformedParameterizedTypeException done
Event: 25.703 loading class org/codehaus/groovy/ast/PackageNode
Event: 25.703 loading class org/codehaus/groovy/ast/PackageNode done
Event: 25.703 loading class org/codehaus/groovy/ast/expr/ClassExpression
Event: 25.703 loading class org/codehaus/groovy/ast/expr/ClassExpression done
Event: 25.704 loading class org/codehaus/groovy/ast/expr/PropertyExpression
Event: 25.704 loading class org/codehaus/groovy/ast/expr/PropertyExpression done


Dynamic libraries:
0x00007ff7112b0000 - 0x00007ff7112e1000 	C:\Program Files\Android\Android Studio\jre\bin\java.exe
0x00007ff8e7a00000 - 0x00007ff8e7bf0000 	C:\WINDOWS\SYSTEM32\ntdll.dll
0x00007ff8e6770000 - 0x00007ff8e6822000 	C:\WINDOWS\System32\KERNEL32.DLL
0x00007ff8e52a0000 - 0x00007ff8e5544000 	C:\WINDOWS\System32\KERNELBASE.dll
0x00007ff8e7770000 - 0x00007ff8e7813000 	C:\WINDOWS\System32\ADVAPI32.dll
0x00007ff8e6620000 - 0x00007ff8e66be000 	C:\WINDOWS\System32\msvcrt.dll
0x00007ff8e7420000 - 0x00007ff8e74b7000 	C:\WINDOWS\System32\sechost.dll
0x00007ff8e78a0000 - 0x00007ff8e79c0000 	C:\WINDOWS\System32\RPCRT4.dll
0x00007ff8e6900000 - 0x00007ff8e6a95000 	C:\WINDOWS\System32\USER32.dll
0x00007ff8e5170000 - 0x00007ff8e5191000 	C:\WINDOWS\System32\win32u.dll
0x00007ff8e73f0000 - 0x00007ff8e7416000 	C:\WINDOWS\System32\GDI32.dll
0x00007ff8e5970000 - 0x00007ff8e5b06000 	C:\WINDOWS\System32\gdi32full.dll
0x00007ff8e51a0000 - 0x00007ff8e523e000 	C:\WINDOWS\System32\msvcp_win.dll
0x00007ff8e5550000 - 0x00007ff8e564a000 	C:\WINDOWS\System32\ucrtbase.dll
0x00007ff8e3d10000 - 0x00007ff8e3f94000 	C:\WINDOWS\WinSxS\amd64_microsoft.windows.common-controls_6595b64144ccf1df_6.0.18362.1016_none_9e7a36bbe461dae4\COMCTL32.dll
0x00007ff8e5e00000 - 0x00007ff8e6135000 	C:\WINDOWS\System32\combase.dll
0x00007ff8e5650000 - 0x00007ff8e56d0000 	C:\WINDOWS\System32\bcryptPrimitives.dll
0x00007ff8e7520000 - 0x00007ff8e754e000 	C:\WINDOWS\System32\IMM32.DLL
0x0000000069000000 - 0x00000000690d2000 	C:\Program Files\Android\Android Studio\jre\jre\bin\msvcr100.dll
0x0000000066e60000 - 0x00000000676a6000 	C:\Program Files\Android\Android Studio\jre\jre\bin\server\jvm.dll
0x00007ff8e71b0000 - 0x00007ff8e71b8000 	C:\WINDOWS\System32\PSAPI.DLL
0x00007ff8e2d90000 - 0x00007ff8e2d99000 	C:\WINDOWS\SYSTEM32\WSOCK32.dll
0x00007ff8df550000 - 0x00007ff8df55a000 	C:\WINDOWS\SYSTEM32\VERSION.dll
0x00007ff8e65b0000 - 0x00007ff8e661f000 	C:\WINDOWS\System32\WS2_32.dll
0x00007ff8e1400000 - 0x00007ff8e1424000 	C:\WINDOWS\SYSTEM32\WINMM.dll
0x00007ff8e0e10000 - 0x00007ff8e0e3d000 	C:\WINDOWS\SYSTEM32\winmmbase.dll
0x00007ff8e5700000 - 0x00007ff8e574a000 	C:\WINDOWS\System32\cfgmgr32.dll
0x00007ff8e0630000 - 0x00007ff8e063f000 	C:\Program Files\Android\Android Studio\jre\jre\bin\verify.dll
0x00007ff8da2e0000 - 0x00007ff8da309000 	C:\Program Files\Android\Android Studio\jre\jre\bin\java.dll
0x00007ff8da2c0000 - 0x00007ff8da2d6000 	C:\Program Files\Android\Android Studio\jre\jre\bin\zip.dll
0x00007ff8e6aa0000 - 0x00007ff8e7187000 	C:\WINDOWS\System32\SHELL32.dll
0x00007ff8e71d0000 - 0x00007ff8e7279000 	C:\WINDOWS\System32\shcore.dll
0x00007ff8e49e0000 - 0x00007ff8e5162000 	C:\WINDOWS\System32\windows.storage.dll
0x00007ff8e49b0000 - 0x00007ff8e49d3000 	C:\WINDOWS\System32\profapi.dll
0x00007ff8e4960000 - 0x00007ff8e49aa000 	C:\WINDOWS\System32\powrprof.dll
0x00007ff8e4910000 - 0x00007ff8e4920000 	C:\WINDOWS\System32\UMPDC.dll
0x00007ff8e5b10000 - 0x00007ff8e5b62000 	C:\WINDOWS\System32\shlwapi.dll
0x00007ff8e4920000 - 0x00007ff8e4931000 	C:\WINDOWS\System32\kernel.appcore.dll
0x00007ff8e5750000 - 0x00007ff8e5767000 	C:\WINDOWS\System32\cryptsp.dll
0x00007ff8da1a0000 - 0x00007ff8da1ba000 	C:\Program Files\Android\Android Studio\jre\jre\bin\net.dll
0x00007ff8e3a90000 - 0x00007ff8e3af7000 	C:\WINDOWS\system32\mswsock.dll
0x00007ff8da180000 - 0x00007ff8da191000 	C:\Program Files\Android\Android Studio\jre\jre\bin\nio.dll
0x00007ff8dfb40000 - 0x00007ff8dfb66000 	C:\Gradle\gradle-6.1\bin\native\31\windows-amd64\native-platform.dll
0x00007ff8dd920000 - 0x00007ff8dd92d000 	C:\Program Files\Android\Android Studio\jre\jre\bin\management.dll
0x00007ff8e3600000 - 0x00007ff8e3633000 	C:\WINDOWS\system32\rsaenh.dll
0x00007ff8e56d0000 - 0x00007ff8e56f6000 	C:\WINDOWS\System32\bcrypt.dll
0x00007ff8e4800000 - 0x00007ff8e4825000 	C:\WINDOWS\SYSTEM32\USERENV.dll
0x00007ff8e3c80000 - 0x00007ff8e3c8c000 	C:\WINDOWS\SYSTEM32\CRYPTBASE.dll
0x00007ff8e37a0000 - 0x00007ff8e37da000 	C:\WINDOWS\SYSTEM32\IPHLPAPI.DLL
0x00007ff8e71c0000 - 0x00007ff8e71c8000 	C:\WINDOWS\System32\NSI.dll
0x00007ff8dd330000 - 0x00007ff8dd346000 	C:\WINDOWS\SYSTEM32\dhcpcsvc6.DLL
0x00007ff8dd130000 - 0x00007ff8dd14c000 	C:\WINDOWS\SYSTEM32\dhcpcsvc.DLL
0x00007ff8e37e0000 - 0x00007ff8e38ab000 	C:\WINDOWS\SYSTEM32\DNSAPI.dll

VM Arguments:
jvm_args: -XX:MaxMetaspaceSize=256m -XX:+HeapDumpOnOutOfMemoryError -Xms256m -Xmx512m -Dfile.encoding=windows-1252 -Duser.country=ZA -Duser.language=en -Duser.variant 
java_command: org.gradle.launcher.daemon.bootstrap.GradleDaemon 6.1.1
java_class_path (initial): C:\Gradle\gradle-6.1\bin\wrapper\dists\gradle-6.1.1-all\cfmwm155h49vnt3hynmlrsdst\gradle-6.1.1\lib\gradle-launcher-6.1.1.jar
Launcher Type: SUN_STANDARD

Environment Variables:
JAVA_HOME=C:\Program Files\Amazon Corretto\jdk11.0.6_10
PATH=C:\Program Files\Amazon Corretto\jdk11.0.6_10\bin;C:\ProgramData\Oracle\Java\javapath;C:\Program Files (x86)\Embarcadero\Studio\20.0\bin;C:\Users\Public\Documents\Embarcadero\Studio\20.0\Bpl;C:\Program Files (x86)\Embarcadero\Studio\20.0\bin64;C:\Users\Public\Documents\Embarcadero\Studio\20.0\Bpl\Win64;C:\Program Files (x86)\Intel\iCLS Client\;C:\Program Files\Intel\iCLS Client\;C:\WINDOWS\system32;C:\WINDOWS;C:\WINDOWS\System32\Wbem;C:\WINDOWS\System32\WindowsPowerShell\v1.0\;C:\Program Files (x86)\Intel\Intel(R) Management Engine Components\DAL;C:\Program Files\Intel\Intel(R) Management Engine Components\DAL;C:\Program Files (x86)\Intel\Intel(R) Management Engine Components\IPT;C:\Program Files\Intel\Intel(R) Management Engine Components\IPT;C:\Gradle\gradle-6.1\bin;C:\Program Files\Git\cmd;C:\Program Files\Git\bin;C:\WINDOWS\System32\OpenSSH\;C:\Program Files\SourceGear\Common\DiffMerge\;C:\Users\User\AppData\Local\Microsoft\WindowsApps;C:\Users\User\AppData\Local\GitHubDesktop\bin;%USERPROFILE%\AppData\Local\Microsoft\WindowsApps;
USERNAME=User
OS=Windows_NT
PROCESSOR_IDENTIFIER=Intel64 Family 6 Model 78 Stepping 3, GenuineIntel



---------------  S Y S T E M  ---------------

OS: Windows 10.0 , 64 bit Build 18362 (10.0.18362.959)

CPU:total 4 (initial active 4) (2 cores per cpu, 2 threads per core) family 6 model 78 stepping 3, cmov, cx8, fxsr, mmx, sse, sse2, sse3, ssse3, sse4.1, sse4.2, popcnt, avx, avx2, aes, clmul, erms, 3dnowpref, lzcnt, ht, tsc, tscinvbit, bmi1, bmi2, adx

Memory: 4k page, physical 6152516k(342460k free), swap 25026884k(4212k free)

vm_info: OpenJDK 64-Bit Server VM (25.202-b03) for windows-amd64 JRE (1.8.0_202-release-1483-b03), built by "builder" with MS VC++ 10.0 (VS2010)

time: Tue Sep 08 22:10:34 2020
timezone: South Africa Standard Time
elapsed time: 25 seconds (0d 0h 0m 25s)

